TN:
SF:src\a2a-discovery.ts
FN:4,text
FN:5,digest
FN:6,object
FN:7,strings
FN:7,anonymous_4
FN:7,anonymous_5
FN:11,<instance_members_initializer>
FN:12,A2ADiscoveryKernel
FN:13,discover
FN:16,anonymous_9
FN:16,anonymous_10
FN:19,get
FN:20,list
FNDA:33,text
FNDA:12,digest
FNDA:12,object
FNDA:8,strings
FNDA:11,anonymous_4
FNDA:8,anonymous_5
FNDA:1,<instance_members_initializer>
FNDA:1,A2ADiscoveryKernel
FNDA:12,discover
FNDA:3,anonymous_9
FNDA:3,anonymous_10
FNDA:2,get
FNDA:2,list
FNF:13
FNH:13
BRDA:1,0,0,1
BRDA:4,1,0,33
BRDA:4,2,0,1
BRDA:4,3,0,32
BRDA:5,4,0,12
BRDA:6,5,0,12
BRDA:6,6,0,1
BRDA:6,7,0,11
BRDA:7,8,0,8
BRDA:7,9,0,7
BRDA:7,10,0,1
BRDA:7,11,0,11
BRDA:7,12,0,8
BRDA:11,13,0,1
BRDA:12,14,0,1
BRDA:13,15,0,12
BRDA:14,16,0,1
BRDA:14,17,0,10
BRDA:14,18,0,1
BRDA:14,19,0,9
BRDA:15,20,0,10
BRDA:15,21,0,1
BRDA:15,22,0,9
BRDA:15,23,0,1
BRDA:15,24,0,7
BRDA:15,25,0,1
BRDA:15,26,0,6
BRDA:16,27,0,3
BRDA:16,28,0,3
BRDA:16,29,0,2
BRDA:16,30,0,4
BRDA:16,31,0,3
BRDA:16,32,0,1
BRDA:16,33,0,0
BRDA:16,34,0,3
BRDA:16,35,0,1
BRDA:16,36,0,2
BRDA:16,37,0,3
BRDA:16,38,0,3
BRDA:16,39,0,3
BRDA:19,40,0,2
BRDA:20,41,0,2
BRDA:20,42,0,1
BRF:43
BRH:42
DA:1,1
DA:2,1
DA:3,1
DA:4,33
DA:5,12
DA:6,12
DA:7,8
DA:8,1
DA:9,1
DA:10,1
DA:11,1
DA:12,1
DA:13,1
DA:14,12
DA:15,12
DA:16,12
DA:17,3
DA:18,12
DA:19,1
DA:20,1
DA:21,1
LH:21
LF:21
end_of_record
SF:src\attention.ts
FN:3,text
FN:4,instant
FN:5,boundedLimit
FN:6,payload
FN:12,<instance_members_initializer>
FN:13,AttentionKernel
FN:14,refresh
FN:31,list
FN:40,decide
FN:50,candidates
FNDA:0,text
FNDA:0,instant
FNDA:0,boundedLimit
FNDA:0,payload
FNDA:1,<instance_members_initializer>
FNDA:1,AttentionKernel
FNDA:0,refresh
FNDA:0,list
FNDA:0,decide
FNDA:0,candidates
FNF:10
FNH:2
BRDA:1,0,0,1
BRDA:12,1,0,1
BRDA:13,2,0,1
BRF:3
BRH:3
DA:1,1
DA:2,1
DA:3,0
DA:4,0
DA:5,0
DA:6,0
DA:7,1
DA:8,1
DA:9,1
DA:10,1
DA:11,1
DA:12,1
DA:13,1
DA:14,1
DA:15,0
DA:16,0
DA:17,0
DA:18,0
DA:19,0
DA:20,0
DA:21,0
DA:22,0
DA:23,0
DA:24,0
DA:25,0
DA:26,0
DA:27,0
DA:28,0
DA:29,0
DA:30,0
DA:31,1
DA:32,0
DA:33,0
DA:34,0
DA:35,0
DA:36,0
DA:37,0
DA:38,0
DA:39,0
DA:40,1
DA:41,0
DA:42,0
DA:43,0
DA:44,0
DA:45,0
DA:46,0
DA:47,0
DA:48,0
DA:49,0
DA:50,1
DA:51,0
DA:52,0
DA:53,0
DA:54,0
DA:55,0
DA:56,0
DA:57,0
DA:58,0
DA:59,0
DA:60,0
DA:61,0
DA:62,0
DA:63,0
DA:64,1
LH:14
LF:64
end_of_record
SF:src\autonomy.ts
FN:7,text
FN:10,object
FN:13,integer
FN:17,instant
FN:21,payload
FN:24,digest
FN:27,<instance_members_initializer>
FN:28,AutonomyKernel
FN:30,policySave
FN:51,request
FN:74,decide
FN:88,consumptionPlan
FN:108,consume
FNDA:0,text
FNDA:0,object
FNDA:0,integer
FNDA:0,instant
FNDA:0,payload
FNDA:0,digest
FNDA:1,<instance_members_initializer>
FNDA:1,AutonomyKernel
FNDA:0,policySave
FNDA:0,request
FNDA:0,decide
FNDA:0,consumptionPlan
FNDA:0,consume
FNF:13
FNH:2
BRDA:1,0,0,1
BRDA:27,1,0,1
BRDA:28,2,0,1
BRF:3
BRH:3
DA:1,1
DA:2,1
DA:3,1
DA:4,1
DA:5,1
DA:6,1
DA:7,0
DA:8,0
DA:9,0
DA:10,0
DA:11,0
DA:12,0
DA:13,0
DA:14,0
DA:15,0
DA:16,0
DA:17,0
DA:18,0
DA:19,0
DA:20,0
DA:21,0
DA:22,0
DA:23,0
DA:24,0
DA:25,1
DA:26,1
DA:27,1
DA:28,1
DA:29,1
DA:30,1
DA:31,0
DA:32,0
DA:33,0
DA:34,0
DA:35,0
DA:36,0
DA:37,0
DA:38,0
DA:39,0
DA:40,0
DA:41,0
DA:42,0
DA:43,0
DA:44,0
DA:45,0
DA:46,0
DA:47,0
DA:48,0
DA:49,0
DA:50,1
DA:51,1
DA:52,0
DA:53,0
DA:54,0
DA:55,0
DA:56,0
DA:57,0
DA:58,0
DA:59,0
DA:60,0
DA:61,0
DA:62,0
DA:63,0
DA:64,0
DA:65,0
DA:66,0
DA:67,0
DA:68,0
DA:69,0
DA:70,0
DA:71,0
DA:72,0
DA:73,1
DA:74,1
DA:75,0
DA:76,0
DA:77,0
DA:78,0
DA:79,0
DA:80,0
DA:81,0
DA:82,0
DA:83,0
DA:84,0
DA:85,0
DA:86,0
DA:87,1
DA:88,1
DA:89,0
DA:90,0
DA:91,0
DA:92,0
DA:93,0
DA:94,0
DA:95,0
DA:96,0
DA:97,0
DA:98,0
DA:99,0
DA:100,0
DA:101,0
DA:102,0
DA:103,0
DA:104,0
DA:105,0
DA:106,0
DA:107,1
DA:108,1
DA:109,0
DA:110,0
DA:111,0
DA:112,0
DA:113,0
DA:114,1
LH:21
LF:114
end_of_record
SF:src\capability-canary.ts
FN:4,text
FN:5,number
FN:6,integer
FN:7,object
FN:8,payload
FN:9,digest
FN:12,<instance_members_initializer>
FN:13,CapabilityCanaryKernel
FN:15,start
FN:28,route
FN:35,observe
FN:50,evaluate
FNDA:0,text
FNDA:0,number
FNDA:0,integer
FNDA:0,object
FNDA:0,payload
FNDA:0,digest
FNDA:1,<instance_members_initializer>
FNDA:1,CapabilityCanaryKernel
FNDA:0,start
FNDA:0,route
FNDA:0,observe
FNDA:0,evaluate
FNF:12
FNH:2
BRDA:1,0,0,1
BRDA:12,1,0,1
BRDA:13,2,0,1
BRF:3
BRH:3
DA:1,1
DA:2,1
DA:3,1
DA:4,0
DA:5,0
DA:6,0
DA:7,0
DA:8,0
DA:9,0
DA:10,1
DA:11,1
DA:12,1
DA:13,1
DA:14,1
DA:15,1
DA:16,0
DA:17,0
DA:18,0
DA:19,0
DA:20,0
DA:21,0
DA:22,0
DA:23,0
DA:24,0
DA:25,0
DA:26,0
DA:27,1
DA:28,1
DA:29,0
DA:30,0
DA:31,0
DA:32,0
DA:33,0
DA:34,1
DA:35,1
DA:36,0
DA:37,0
DA:38,0
DA:39,0
DA:40,0
DA:41,0
DA:42,0
DA:43,0
DA:44,0
DA:45,0
DA:46,0
DA:47,0
DA:48,0
DA:49,1
DA:50,1
DA:51,0
DA:52,0
DA:53,0
DA:54,0
DA:55,0
DA:56,0
DA:57,0
DA:58,0
DA:59,0
DA:60,0
DA:61,0
DA:62,0
DA:63,0
DA:64,0
DA:65,0
DA:66,0
DA:67,0
DA:68,0
DA:69,1
LH:16
LF:69
end_of_record
SF:src\catalog.ts
FN:8,stableId
FN:20,metadataTerms
FN:26,declarationKey
FN:32,rerank
FN:47,pathKey
FN:51,parseSkill
FN:71,skillFiles
FN:98,<instance_members_initializer>
FN:102,Catalog
FN:110,addSource
FN:124,listSources
FN:126,listLogicalCapabilities
FN:131,getSource
FN:133,updateSource
FN:142,rebuildLogicalCapabilities
FN:165,removeSource
FN:175,scanSource
FN:219,scan
FN:228,search
FN:251,semanticStatus
FN:253,searchHybrid
FN:290,capabilityVectors
FN:315,get
FN:318,embeddingId
FN:319,embeddingText
FN:323,summary
FNDA:0,stableId
FNDA:0,metadataTerms
FNDA:0,declarationKey
FNDA:0,rerank
FNDA:0,pathKey
FNDA:0,parseSkill
FNDA:0,skillFiles
FNDA:1,<instance_members_initializer>
FNDA:1,Catalog
FNDA:0,addSource
FNDA:0,listSources
FNDA:0,listLogicalCapabilities
FNDA:0,getSource
FNDA:0,updateSource
FNDA:0,rebuildLogicalCapabilities
FNDA:0,removeSource
FNDA:0,scanSource
FNDA:0,scan
FNDA:0,search
FNDA:0,semanticStatus
FNDA:0,searchHybrid
FNDA:0,capabilityVectors
FNDA:0,get
FNDA:0,embeddingId
FNDA:0,embeddingText
FNDA:0,summary
FNF:26
FNH:2
BRDA:1,0,0,1
BRDA:98,1,0,1
BRDA:102,2,0,1
BRDA:106,3,0,0
BRF:4
BRH:3
DA:1,1
DA:2,1
DA:3,1
DA:4,1
DA:5,1
DA:6,1
DA:7,1
DA:8,0
DA:9,0
DA:10,0
DA:11,1
DA:12,1
DA:13,1
DA:14,1
DA:15,1
DA:16,1
DA:17,1
DA:18,1
DA:19,1
DA:20,0
DA:21,0
DA:22,0
DA:23,0
DA:24,0
DA:25,1
DA:26,0
DA:27,0
DA:28,0
DA:29,0
DA:30,0
DA:31,1
DA:32,0
DA:33,0
DA:34,0
DA:35,0
DA:36,0
DA:37,0
DA:38,0
DA:39,0
DA:40,0
DA:41,0
DA:42,0
DA:43,0
DA:44,0
DA:45,0
DA:46,1
DA:47,1
DA:48,0
DA:49,0
DA:50,1
DA:51,1
DA:52,0
DA:53,0
DA:54,0
DA:55,0
DA:56,0
DA:57,0
DA:58,0
DA:59,0
DA:60,0
DA:61,0
DA:62,0
DA:63,0
DA:64,0
DA:65,0
DA:66,0
DA:67,0
DA:68,0
DA:69,0
DA:70,1
DA:71,1
DA:72,0
DA:73,0
DA:74,0
DA:75,0
DA:76,0
DA:77,0
DA:78,0
DA:79,0
DA:80,0
DA:81,0
DA:82,0
DA:83,0
DA:84,0
DA:85,0
DA:86,0
DA:87,0
DA:88,0
DA:89,0
DA:90,0
DA:91,0
DA:92,0
DA:93,0
DA:94,0
DA:95,0
DA:96,1
DA:97,1
DA:98,1
DA:99,1
DA:100,1
DA:101,1
DA:102,1
DA:103,1
DA:104,1
DA:105,1
DA:106,1
DA:107,1
DA:108,1
DA:109,1
DA:110,1
DA:111,0
DA:112,0
DA:113,0
DA:114,0
DA:115,0
DA:116,0
DA:117,0
DA:118,0
DA:119,0
DA:120,0
DA:121,0
DA:122,0
DA:123,1
DA:124,1
DA:125,1
DA:126,1
DA:127,0
DA:128,0
DA:129,0
DA:130,1
DA:131,1
DA:132,1
DA:133,1
DA:134,0
DA:135,0
DA:136,0
DA:137,0
DA:138,0
DA:139,0
DA:140,0
DA:141,1
DA:142,1
DA:143,0
DA:144,0
DA:145,0
DA:146,0
DA:147,0
DA:148,0
DA:149,0
DA:150,0
DA:151,0
DA:152,0
DA:153,0
DA:154,0
DA:155,0
DA:156,0
DA:157,0
DA:158,0
DA:159,0
DA:160,0
DA:161,0
DA:162,0
DA:163,0
DA:164,1
DA:165,1
DA:166,0
DA:167,0
DA:168,0
DA:169,0
DA:170,0
DA:171,0
DA:172,0
DA:173,0
DA:174,1
DA:175,1
DA:176,0
DA:177,0
DA:178,0
DA:179,0
DA:180,0
DA:181,0
DA:182,0
DA:183,0
DA:184,0
DA:185,0
DA:186,0
DA:187,0
DA:188,0
DA:189,0
DA:190,0
DA:191,0
DA:192,0
DA:193,0
DA:194,0
DA:195,0
DA:196,0
DA:197,0
DA:198,0
DA:199,0
DA:200,0
DA:201,0
DA:202,0
DA:203,0
DA:204,0
DA:205,0
DA:206,0
DA:207,0
DA:208,0
DA:209,0
DA:210,0
DA:211,0
DA:212,0
DA:213,0
DA:214,0
DA:215,0
DA:216,0
DA:217,0
DA:218,1
DA:219,1
DA:220,0
DA:221,0
DA:222,0
DA:223,0
DA:224,0
DA:225,0
DA:226,0
DA:227,1
DA:228,1
DA:229,0
DA:230,0
DA:231,0
DA:232,0
DA:233,0
DA:234,0
DA:235,0
DA:236,0
DA:237,0
DA:238,0
DA:239,0
DA:240,0
DA:241,0
DA:242,0
DA:243,0
DA:244,0
DA:245,0
DA:246,0
DA:247,0
DA:248,0
DA:249,0
DA:250,1
DA:251,1
DA:252,1
DA:253,1
DA:254,0
DA:255,0
DA:256,0
DA:257,0
DA:258,0
DA:259,0
DA:260,0
DA:261,0
DA:262,0
DA:263,0
DA:264,0
DA:265,0
DA:266,0
DA:267,0
DA:268,0
DA:269,0
DA:270,0
DA:271,0
DA:272,0
DA:273,0
DA:274,0
DA:275,0
DA:276,0
DA:277,0
DA:278,0
DA:279,0
DA:280,0
DA:281,0
DA:282,0
DA:283,0
DA:284,0
DA:285,0
DA:286,0
DA:287,0
DA:288,0
DA:289,1
DA:290,1
DA:291,0
DA:292,0
DA:293,0
DA:294,0
DA:295,0
DA:296,0
DA:297,0
DA:298,0
DA:299,0
DA:300,0
DA:301,0
DA:302,0
DA:303,0
DA:304,0
DA:305,0
DA:306,0
DA:307,0
DA:308,0
DA:309,0
DA:310,0
DA:311,0
DA:312,0
DA:313,0
DA:314,1
DA:315,1
DA:316,1
DA:317,1
DA:318,0
DA:319,0
DA:320,0
DA:321,0
DA:322,0
DA:323,0
DA:324,0
DA:325,0
DA:326,0
LH:67
LF:326
end_of_record
SF:src\certification.ts
FN:4,text
FN:5,integer
FN:6,payload
FN:7,canonical
FN:8,digest
FN:11,<instance_members_initializer>
FN:12,CapabilityCertificationKernel
FN:14,assess
FN:46,promote
FNDA:0,text
FNDA:0,integer
FNDA:0,payload
FNDA:0,canonical
FNDA:0,digest
FNDA:1,<instance_members_initializer>
FNDA:1,CapabilityCertificationKernel
FNDA:0,assess
FNDA:0,promote
FNF:9
FNH:2
BRDA:1,0,0,1
BRDA:11,1,0,1
BRDA:12,2,0,1
BRF:3
BRH:3
DA:1,1
DA:2,1
DA:3,1
DA:4,0
DA:5,0
DA:6,0
DA:7,0
DA:8,0
DA:9,1
DA:10,1
DA:11,1
DA:12,1
DA:13,1
DA:14,1
DA:15,0
DA:16,0
DA:17,0
DA:18,0
DA:19,0
DA:20,0
DA:21,0
DA:22,0
DA:23,0
DA:24,0
DA:25,0
DA:26,0
DA:27,0
DA:28,0
DA:29,0
DA:30,0
DA:31,0
DA:32,0
DA:33,0
DA:34,0
DA:35,0
DA:36,0
DA:37,0
DA:38,0
DA:39,0
DA:40,0
DA:41,0
DA:42,0
DA:43,0
DA:44,0
DA:45,1
DA:46,1
DA:47,0
DA:48,0
DA:49,0
DA:50,0
DA:51,0
DA:52,0
DA:53,0
DA:54,0
DA:55,0
DA:56,0
DA:57,0
DA:58,0
DA:59,0
DA:60,0
DA:61,1
LH:12
LF:61
end_of_record
SF:src\changeset.ts
FN:7,id
FN:13,text
FN:18,payload
FN:23,pointer
FN:29,patches
FN:44,valueAt
FN:53,same
FN:55,apply
FN:69,<instance_members_initializer>
FN:70,ChangeSetKernel
FN:72,create
FN:86,preview
FN:101,apply
FNDA:0,id
FNDA:0,text
FNDA:0,payload
FNDA:0,pointer
FNDA:0,patches
FNDA:0,valueAt
FNDA:0,same
FNDA:0,apply
FNDA:1,<instance_members_initializer>
FNDA:1,ChangeSetKernel
FNDA:0,create
FNDA:0,preview
FNDA:0,apply
FNF:13
FNH:2
BRDA:1,0,0,1
BRDA:69,1,0,1
BRDA:70,2,0,1
BRF:3
BRH:3
DA:1,1
DA:2,1
DA:3,1
DA:4,1
DA:5,1
DA:6,1
DA:7,0
DA:8,0
DA:9,0
DA:10,0
DA:11,0
DA:12,1
DA:13,0
DA:14,0
DA:15,0
DA:16,0
DA:17,1
DA:18,0
DA:19,0
DA:20,0
DA:21,0
DA:22,1
DA:23,0
DA:24,0
DA:25,0
DA:26,0
DA:27,0
DA:28,1
DA:29,0
DA:30,0
DA:31,0
DA:32,0
DA:33,0
DA:34,0
DA:35,0
DA:36,0
DA:37,0
DA:38,0
DA:39,0
DA:40,0
DA:41,0
DA:42,0
DA:43,1
DA:44,0
DA:45,0
DA:46,0
DA:47,0
DA:48,0
DA:49,0
DA:50,0
DA:51,0
DA:52,1
DA:53,0
DA:54,1
DA:55,0
DA:56,0
DA:57,0
DA:58,0
DA:59,0
DA:60,0
DA:61,0
DA:62,0
DA:63,0
DA:64,0
DA:65,0
DA:66,0
DA:67,1
DA:68,1
DA:69,1
DA:70,1
DA:71,1
DA:72,1
DA:73,0
DA:74,0
DA:75,0
DA:76,0
DA:77,0
DA:78,0
DA:79,0
DA:80,0
DA:81,0
DA:82,0
DA:83,0
DA:84,0
DA:85,1
DA:86,1
DA:87,0
DA:88,0
DA:89,0
DA:90,0
DA:91,0
DA:92,0
DA:93,0
DA:94,0
DA:95,0
DA:96,0
DA:97,0
DA:98,0
DA:99,0
DA:100,1
DA:101,1
DA:102,0
DA:103,0
DA:104,0
DA:105,0
DA:106,0
DA:107,0
DA:108,0
DA:109,0
DA:110,0
DA:111,0
DA:112,0
DA:113,0
DA:114,0
DA:115,0
DA:116,0
DA:117,0
DA:118,0
DA:119,0
DA:120,0
DA:121,0
DA:122,0
DA:123,0
DA:124,0
DA:125,0
DA:126,0
DA:127,0
DA:128,0
DA:129,0
DA:130,1
LH:24
LF:130
end_of_record
SF:src\claude-driver.ts
FN:10,text
FN:11,integer
FN:12,optionalMoney
FN:13,digest
FN:14,redact
FN:15,payload
FN:17,parse
FN:30,<instance_members_initializer>
FN:31,ClaudeHostKernel
FN:33,prepare
FN:42,execute
FNDA:0,text
FNDA:0,integer
FNDA:0,optionalMoney
FNDA:0,digest
FNDA:0,redact
FNDA:0,payload
FNDA:0,parse
FNDA:1,<instance_members_initializer>
FNDA:1,ClaudeHostKernel
FNDA:0,prepare
FNDA:0,execute
FNF:11
FNH:2
BRDA:1,0,0,1
BRDA:30,1,0,1
BRDA:31,2,0,1
BRF:3
BRH:3
DA:1,1
DA:2,1
DA:3,1
DA:4,1
DA:5,1
DA:6,1
DA:7,1
DA:8,1
DA:9,1
DA:10,0
DA:11,0
DA:12,0
DA:13,0
DA:14,0
DA:15,0
DA:16,1
DA:17,0
DA:18,0
DA:19,0
DA:20,0
DA:21,0
DA:22,0
DA:23,0
DA:24,0
DA:25,0
DA:26,0
DA:27,0
DA:28,1
DA:29,1
DA:30,1
DA:31,1
DA:32,1
DA:33,1
DA:34,0
DA:35,0
DA:36,0
DA:37,0
DA:38,0
DA:39,0
DA:40,0
DA:41,1
DA:42,1
DA:43,0
DA:44,0
DA:45,0
DA:46,0
DA:47,0
DA:48,0
DA:49,0
DA:50,0
DA:51,0
DA:52,0
DA:53,0
DA:54,0
DA:55,0
DA:56,0
DA:57,0
DA:58,0
DA:59,0
DA:60,1
LH:19
LF:60
end_of_record
SF:src\codex-driver.ts
FN:15,text
FN:16,integer
FN:17,digest
FN:18,redact
FN:19,payload
FN:21,executeCodex
FN:35,parseEvents
FN:47,<instance_members_initializer>
FN:49,CodexHostKernel
FN:51,prepare
FN:61,execute
FNDA:0,text
FNDA:0,integer
FNDA:0,digest
FNDA:0,redact
FNDA:0,payload
FNDA:0,executeCodex
FNDA:0,parseEvents
FNDA:1,<instance_members_initializer>
FNDA:1,CodexHostKernel
FNDA:0,prepare
FNDA:0,execute
FNF:11
FNH:2
BRDA:1,0,0,1
BRDA:47,1,0,1
BRDA:49,2,0,1
BRF:3
BRH:3
DA:1,1
DA:2,1
DA:3,1
DA:4,1
DA:5,1
DA:6,1
DA:7,1
DA:8,1
DA:9,1
DA:10,1
DA:11,1
DA:12,1
DA:13,1
DA:14,1
DA:15,0
DA:16,0
DA:17,0
DA:18,0
DA:19,0
DA:20,1
DA:21,1
DA:22,0
DA:23,0
DA:24,0
DA:25,0
DA:26,0
DA:27,0
DA:28,0
DA:29,0
DA:30,0
DA:31,0
DA:32,0
DA:33,1
DA:34,1
DA:35,0
DA:36,0
DA:37,0
DA:38,0
DA:39,0
DA:40,0
DA:41,0
DA:42,0
DA:43,0
DA:44,0
DA:45,1
DA:46,1
DA:47,1
DA:48,1
DA:49,1
DA:50,1
DA:51,1
DA:52,0
DA:53,0
DA:54,0
DA:55,0
DA:56,0
DA:57,0
DA:58,0
DA:59,0
DA:60,1
DA:61,1
DA:62,0
DA:63,0
DA:64,0
DA:65,0
DA:66,0
DA:67,0
DA:68,0
DA:69,0
DA:70,0
DA:71,0
DA:72,0
DA:73,0
DA:74,0
DA:75,0
DA:76,0
DA:77,0
DA:78,0
DA:79,0
DA:80,1
LH:28
LF:80
end_of_record
SF:src\config.ts
FN:51,exists
FN:60,loadConfig
FN:67,initializeConfig
FN:100,setMode
FN:111,configureSemanticSearch
FN:123,validateInit
FN:133,validateProvider
FN:153,validateProviderUrl
FN:164,validateSemanticSearch
FN:185,validateConfig
FNDA:0,exists
FNDA:0,loadConfig
FNDA:0,initializeConfig
FNDA:0,setMode
FNDA:0,configureSemanticSearch
FNDA:0,validateInit
FNDA:0,validateProvider
FNDA:0,validateProviderUrl
FNDA:0,validateSemanticSearch
FNDA:0,validateConfig
FNF:10
FNH:0
BRDA:1,0,0,1
BRF:1
BRH:1
DA:1,1
DA:2,1
DA:3,1
DA:4,1
DA:5,1
DA:6,1
DA:7,1
DA:8,1
DA:9,1
DA:10,1
DA:11,1
DA:12,1
DA:13,1
DA:14,1
DA:15,1
DA:16,1
DA:17,1
DA:18,1
DA:19,1
DA:20,1
DA:21,1
DA:22,1
DA:23,1
DA:24,1
DA:25,1
DA:26,1
DA:27,1
DA:28,1
DA:29,1
DA:30,1
DA:31,1
DA:32,1
DA:33,1
DA:34,1
DA:35,1
DA:36,1
DA:37,1
DA:38,1
DA:39,1
DA:40,1
DA:41,1
DA:42,1
DA:43,1
DA:44,1
DA:45,1
DA:46,1
DA:47,1
DA:48,1
DA:49,1
DA:50,1
DA:51,0
DA:52,0
DA:53,0
DA:54,0
DA:55,0
DA:56,0
DA:57,0
DA:58,0
DA:59,1
DA:60,1
DA:61,0
DA:62,0
DA:63,0
DA:64,0
DA:65,0
DA:66,1
DA:67,1
DA:68,0
DA:69,0
DA:70,0
DA:71,0
DA:72,0
DA:73,0
DA:74,0
DA:75,0
DA:76,0
DA:77,0
DA:78,0
DA:79,0
DA:80,0
DA:81,0
DA:82,0
DA:83,0
DA:84,0
DA:85,0
DA:86,0
DA:87,0
DA:88,0
DA:89,0
DA:90,0
DA:91,0
DA:92,0
DA:93,0
DA:94,0
DA:95,0
DA:96,0
DA:97,0
DA:98,0
DA:99,1
DA:100,1
DA:101,0
DA:102,0
DA:103,0
DA:104,0
DA:105,0
DA:106,0
DA:107,0
DA:108,0
DA:109,0
DA:110,1
DA:111,1
DA:112,0
DA:113,0
DA:114,0
DA:115,0
DA:116,0
DA:117,0
DA:118,0
DA:119,0
DA:120,0
DA:121,0
DA:122,1
DA:123,0
DA:124,0
DA:125,0
DA:126,0
DA:127,0
DA:128,0
DA:129,0
DA:130,0
DA:131,0
DA:132,1
DA:133,0
DA:134,0
DA:135,0
DA:136,0
DA:137,0
DA:138,0
DA:139,0
DA:140,0
DA:141,0
DA:142,0
DA:143,0
DA:144,0
DA:145,0
DA:146,0
DA:147,0
DA:148,0
DA:149,0
DA:150,0
DA:151,0
DA:152,1
DA:153,0
DA:154,0
DA:155,0
DA:156,0
DA:157,0
DA:158,0
DA:159,0
DA:160,0
DA:161,0
DA:162,0
DA:163,1
DA:164,0
DA:165,0
DA:166,0
DA:167,0
DA:168,0
DA:169,0
DA:170,0
DA:171,0
DA:172,0
DA:173,0
DA:174,0
DA:175,0
DA:176,0
DA:177,0
DA:178,0
DA:179,0
DA:180,0
DA:181,0
DA:182,0
DA:183,0
DA:184,1
DA:185,0
DA:186,0
DA:187,0
DA:188,0
DA:189,0
DA:190,0
DA:191,0
DA:192,0
DA:193,0
DA:194,0
DA:195,0
DA:196,0
DA:197,0
DA:198,0
DA:199,0
DA:200,0
DA:201,0
DA:202,0
DA:203,0
DA:204,0
DA:205,0
DA:206,0
DA:207,0
DA:208,0
DA:209,0
DA:210,0
DA:211,0
DA:212,0
DA:213,0
LH:63
LF:213
end_of_record
SF:src\contracts.ts
FN:6,text
FN:7,object
FN:8,strings
FN:9,canonical
FN:10,digest
FN:11,payload
FN:14,<instance_members_initializer>
FN:15,ContractInferenceKernel
FN:17,observe
FN:35,infer
FN:51,review
FN:64,verify
FN:76,diff
FN:88,publish
FN:107,rollback
FNDA:0,text
FNDA:0,object
FNDA:0,strings
FNDA:0,canonical
FNDA:0,digest
FNDA:0,payload
FNDA:1,<instance_members_initializer>
FNDA:1,ContractInferenceKernel
FNDA:0,observe
FNDA:0,infer
FNDA:0,review
FNDA:0,verify
FNDA:0,diff
FNDA:0,publish
FNDA:0,rollback
FNF:15
FNH:2
BRDA:1,0,0,1
BRDA:14,1,0,1
BRDA:15,2,0,1
BRF:3
BRH:3
DA:1,1
DA:2,1
DA:3,1
DA:4,1
DA:5,1
DA:6,0
DA:7,0
DA:8,0
DA:9,0
DA:10,0
DA:11,0
DA:12,1
DA:13,1
DA:14,1
DA:15,1
DA:16,1
DA:17,1
DA:18,0
DA:19,0
DA:20,0
DA:21,0
DA:22,0
DA:23,0
DA:24,0
DA:25,0
DA:26,0
DA:27,0
DA:28,0
DA:29,0
DA:30,0
DA:31,0
DA:32,0
DA:33,0
DA:34,1
DA:35,1
DA:36,0
DA:37,0
DA:38,0
DA:39,0
DA:40,0
DA:41,0
DA:42,0
DA:43,0
DA:44,0
DA:45,0
DA:46,0
DA:47,0
DA:48,0
DA:49,0
DA:50,1
DA:51,1
DA:52,0
DA:53,0
DA:54,0
DA:55,0
DA:56,0
DA:57,0
DA:58,0
DA:59,0
DA:60,0
DA:61,0
DA:62,0
DA:63,1
DA:64,1
DA:65,0
DA:66,0
DA:67,0
DA:68,0
DA:69,0
DA:70,0
DA:71,0
DA:72,0
DA:73,0
DA:74,0
DA:75,1
DA:76,1
DA:77,0
DA:78,0
DA:79,0
DA:80,0
DA:81,0
DA:82,0
DA:83,0
DA:84,0
DA:85,0
DA:86,0
DA:87,1
DA:88,1
DA:89,0
DA:90,0
DA:91,0
DA:92,0
DA:93,0
DA:94,0
DA:95,0
DA:96,0
DA:97,0
DA:98,0
DA:99,0
DA:100,0
DA:101,0
DA:102,0
DA:103,0
DA:104,0
DA:105,0
DA:106,1
DA:107,1
DA:108,0
DA:109,0
DA:110,0
DA:111,0
DA:112,0
DA:113,0
DA:114,0
DA:115,1
LH:24
LF:115
end_of_record
SF:src\control-plane.ts
FN:4,id
FN:9,text
FN:13,object
FN:17,amounts
FN:24,strings
FN:30,payload
FN:33,add
FN:37,available
FN:41,fits
FN:46,<instance_members_initializer>
FN:47,ControlPlaneKernel
FN:49,budgetOpen
FN:72,budgetReserve
FN:90,budgetSettle
FN:104,budgetClose
FN:130,waitCreate
FN:143,waitResume
FN:161,fallbackSave
FN:176,fallbackEvaluate
FNDA:0,id
FNDA:0,text
FNDA:0,object
FNDA:0,amounts
FNDA:0,strings
FNDA:0,payload
FNDA:0,add
FNDA:0,available
FNDA:0,fits
FNDA:1,<instance_members_initializer>
FNDA:1,ControlPlaneKernel
FNDA:0,budgetOpen
FNDA:0,budgetReserve
FNDA:0,budgetSettle
FNDA:0,budgetClose
FNDA:0,waitCreate
FNDA:0,waitResume
FNDA:0,fallbackSave
FNDA:0,fallbackEvaluate
FNF:19
FNH:2
BRDA:1,0,0,1
BRDA:46,1,0,1
BRDA:47,2,0,1
BRF:3
BRH:3
DA:1,1
DA:2,1
DA:3,1
DA:4,0
DA:5,0
DA:6,0
DA:7,0
DA:8,0
DA:9,0
DA:10,0
DA:11,0
DA:12,0
DA:13,0
DA:14,0
DA:15,0
DA:16,0
DA:17,0
DA:18,0
DA:19,0
DA:20,0
DA:21,0
DA:22,0
DA:23,0
DA:24,0
DA:25,0
DA:26,0
DA:27,0
DA:28,0
DA:29,0
DA:30,0
DA:31,0
DA:32,0
DA:33,0
DA:34,0
DA:35,0
DA:36,0
DA:37,0
DA:38,0
DA:39,0
DA:40,0
DA:41,0
DA:42,0
DA:43,0
DA:44,1
DA:45,1
DA:46,1
DA:47,1
DA:48,1
DA:49,1
DA:50,0
DA:51,0
DA:52,0
DA:53,0
DA:54,0
DA:55,0
DA:56,0
DA:57,0
DA:58,0
DA:59,0
DA:60,0
DA:61,0
DA:62,0
DA:63,0
DA:64,0
DA:65,0
DA:66,0
DA:67,0
DA:68,0
DA:69,0
DA:70,0
DA:71,1
DA:72,1
DA:73,0
DA:74,0
DA:75,0
DA:76,0
DA:77,0
DA:78,0
DA:79,0
DA:80,0
DA:81,0
DA:82,0
DA:83,0
DA:84,0
DA:85,0
DA:86,0
DA:87,0
DA:88,0
DA:89,1
DA:90,1
DA:91,0
DA:92,0
DA:93,0
DA:94,0
DA:95,0
DA:96,0
DA:97,0
DA:98,0
DA:99,0
DA:100,0
DA:101,0
DA:102,0
DA:103,1
DA:104,1
DA:105,0
DA:106,0
DA:107,0
DA:108,0
DA:109,0
DA:110,0
DA:111,0
DA:112,0
DA:113,0
DA:114,0
DA:115,0
DA:116,0
DA:117,0
DA:118,0
DA:119,0
DA:120,0
DA:121,0
DA:122,0
DA:123,0
DA:124,0
DA:125,0
DA:126,0
DA:127,0
DA:128,0
DA:129,1
DA:130,1
DA:131,0
DA:132,0
DA:133,0
DA:134,0
DA:135,0
DA:136,0
DA:137,0
DA:138,0
DA:139,0
DA:140,0
DA:141,0
DA:142,1
DA:143,1
DA:144,0
DA:145,0
DA:146,0
DA:147,0
DA:148,0
DA:149,0
DA:150,0
DA:151,0
DA:152,0
DA:153,0
DA:154,0
DA:155,0
DA:156,0
DA:157,0
DA:158,0
DA:159,0
DA:160,1
DA:161,1
DA:162,0
DA:163,0
DA:164,0
DA:165,0
DA:166,0
DA:167,0
DA:168,0
DA:169,0
DA:170,0
DA:171,0
DA:172,0
DA:173,0
DA:174,0
DA:175,1
DA:176,1
DA:177,0
DA:178,0
DA:179,0
DA:180,0
DA:181,0
DA:182,0
DA:183,0
DA:184,0
DA:185,0
DA:186,0
DA:187,0
DA:188,0
DA:189,0
DA:190,0
DA:191,0
DA:192,0
DA:193,0
DA:194,0
DA:195,0
DA:196,1
LH:24
LF:196
end_of_record
SF:src\docker-sandbox.ts
FN:11,text
FN:14,command
FN:18,numberLimit
FN:23,scrub
FN:26,dockerRequestDigest
FN:29,containerName
FN:33,runDocker
FN:52,dockerFlags
FN:74,<instance_members_initializer>
FN:75,DockerSandboxAdapter
FN:77,probe
FN:88,conformance
FN:117,execute
FNDA:0,text
FNDA:0,command
FNDA:0,numberLimit
FNDA:0,scrub
FNDA:0,dockerRequestDigest
FNDA:0,containerName
FNDA:0,runDocker
FNDA:0,dockerFlags
FNDA:1,<instance_members_initializer>
FNDA:1,DockerSandboxAdapter
FNDA:0,probe
FNDA:0,conformance
FNDA:0,execute
FNF:13
FNH:2
BRDA:1,0,0,1
BRDA:74,1,0,1
BRDA:75,2,0,1
BRF:3
BRH:3
DA:1,1
DA:2,1
DA:3,1
DA:4,1
DA:5,1
DA:6,1
DA:7,1
DA:8,1
DA:9,1
DA:10,1
DA:11,0
DA:12,0
DA:13,0
DA:14,0
DA:15,0
DA:16,0
DA:17,0
DA:18,0
DA:19,0
DA:20,0
DA:21,0
DA:22,0
DA:23,0
DA:24,0
DA:25,0
DA:26,1
DA:27,0
DA:28,0
DA:29,0
DA:30,0
DA:31,0
DA:32,1
DA:33,1
DA:34,0
DA:35,0
DA:36,0
DA:37,0
DA:38,0
DA:39,0
DA:40,0
DA:41,0
DA:42,0
DA:43,0
DA:44,0
DA:45,0
DA:46,0
DA:47,0
DA:48,0
DA:49,0
DA:50,0
DA:51,1
DA:52,0
DA:53,0
DA:54,0
DA:55,0
DA:56,0
DA:57,0
DA:58,0
DA:59,0
DA:60,0
DA:61,0
DA:62,0
DA:63,0
DA:64,0
DA:65,0
DA:66,0
DA:67,0
DA:68,0
DA:69,0
DA:70,0
DA:71,0
DA:72,1
DA:73,1
DA:74,1
DA:75,1
DA:76,1
DA:77,1
DA:78,0
DA:79,0
DA:80,0
DA:81,0
DA:82,0
DA:83,0
DA:84,0
DA:85,0
DA:86,0
DA:87,1
DA:88,1
DA:89,0
DA:90,0
DA:91,0
DA:92,0
DA:93,0
DA:94,0
DA:95,0
DA:96,0
DA:97,0
DA:98,0
DA:99,0
DA:100,0
DA:101,0
DA:102,0
DA:103,0
DA:104,0
DA:105,0
DA:106,0
DA:107,0
DA:108,0
DA:109,0
DA:110,0
DA:111,0
DA:112,0
DA:113,0
DA:114,0
DA:115,0
DA:116,1
DA:117,1
DA:118,0
DA:119,0
DA:120,0
DA:121,0
DA:122,0
DA:123,0
DA:124,0
DA:125,0
DA:126,0
DA:127,0
DA:128,0
DA:129,0
DA:130,0
DA:131,0
DA:132,0
DA:133,0
DA:134,0
DA:135,0
DA:136,0
DA:137,0
DA:138,0
DA:139,0
DA:140,0
DA:141,0
DA:142,0
DA:143,0
DA:144,1
LH:25
LF:144
end_of_record
SF:src\effects.ts
FN:5,text
FN:8,object
FN:11,strings
FN:16,statusCodes
FN:23,payload
FN:26,digest
FN:27,generated
FN:30,<instance_members_initializer>
FN:31,ExternalEffectKernel
FN:33,prepare
FN:50,start
FN:57,startPlan
FN:69,report
FN:94,resolve
FN:112,reconcileIssue
FN:136,reconcileReport
FN:158,reconcileFail
FN:166,compensateIssue
FN:200,compensateFromExecution
FN:213,compensateCancel
FN:225,compensateReport
FN:240,sagaCreate
FN:249,sagaGet
FN:254,sagaState
FNDA:0,text
FNDA:0,object
FNDA:0,strings
FNDA:0,statusCodes
FNDA:0,payload
FNDA:0,digest
FNDA:0,generated
FNDA:1,<instance_members_initializer>
FNDA:1,ExternalEffectKernel
FNDA:0,prepare
FNDA:0,start
FNDA:0,startPlan
FNDA:0,report
FNDA:0,resolve
FNDA:0,reconcileIssue
FNDA:0,reconcileReport
FNDA:0,reconcileFail
FNDA:0,compensateIssue
FNDA:0,compensateFromExecution
FNDA:0,compensateCancel
FNDA:0,compensateReport
FNDA:0,sagaCreate
FNDA:0,sagaGet
FNDA:0,sagaState
FNF:24
FNH:2
BRDA:1,0,0,1
BRDA:30,1,0,1
BRDA:31,2,0,1
BRF:3
BRH:3
DA:1,1
DA:2,1
DA:3,1
DA:4,1
DA:5,0
DA:6,0
DA:7,0
DA:8,0
DA:9,0
DA:10,0
DA:11,0
DA:12,0
DA:13,0
DA:14,0
DA:15,0
DA:16,0
DA:17,0
DA:18,0
DA:19,0
DA:20,0
DA:21,0
DA:22,0
DA:23,0
DA:24,0
DA:25,0
DA:26,0
DA:27,0
DA:28,1
DA:29,1
DA:30,1
DA:31,1
DA:32,1
DA:33,1
DA:34,0
DA:35,0
DA:36,0
DA:37,0
DA:38,0
DA:39,0
DA:40,0
DA:41,0
DA:42,0
DA:43,0
DA:44,0
DA:45,0
DA:46,0
DA:47,0
DA:48,0
DA:49,1
DA:50,1
DA:51,0
DA:52,0
DA:53,0
DA:54,0
DA:55,0
DA:56,1
DA:57,1
DA:58,0
DA:59,0
DA:60,0
DA:61,0
DA:62,0
DA:63,0
DA:64,0
DA:65,0
DA:66,0
DA:67,0
DA:68,1
DA:69,1
DA:70,0
DA:71,0
DA:72,0
DA:73,0
DA:74,0
DA:75,0
DA:76,0
DA:77,0
DA:78,0
DA:79,0
DA:80,0
DA:81,0
DA:82,0
DA:83,0
DA:84,0
DA:85,0
DA:86,0
DA:87,0
DA:88,0
DA:89,0
DA:90,0
DA:91,0
DA:92,0
DA:93,1
DA:94,1
DA:95,0
DA:96,0
DA:97,0
DA:98,0
DA:99,0
DA:100,0
DA:101,0
DA:102,0
DA:103,0
DA:104,0
DA:105,0
DA:106,0
DA:107,0
DA:108,0
DA:109,0
DA:110,0
DA:111,1
DA:112,1
DA:113,0
DA:114,0
DA:115,0
DA:116,0
DA:117,0
DA:118,0
DA:119,0
DA:120,0
DA:121,0
DA:122,0
DA:123,0
DA:124,0
DA:125,0
DA:126,0
DA:127,0
DA:128,0
DA:129,0
DA:130,0
DA:131,0
DA:132,0
DA:133,0
DA:134,0
DA:135,1
DA:136,1
DA:137,0
DA:138,0
DA:139,0
DA:140,0
DA:141,0
DA:142,0
DA:143,0
DA:144,0
DA:145,0
DA:146,0
DA:147,0
DA:148,0
DA:149,0
DA:150,0
DA:151,0
DA:152,0
DA:153,0
DA:154,0
DA:155,0
DA:156,0
DA:157,1
DA:158,1
DA:159,0
DA:160,0
DA:161,0
DA:162,0
DA:163,0
DA:164,0
DA:165,1
DA:166,1
DA:167,0
DA:168,0
DA:169,0
DA:170,0
DA:171,0
DA:172,0
DA:173,0
DA:174,0
DA:175,0
DA:176,0
DA:177,0
DA:178,0
DA:179,0
DA:180,0
DA:181,0
DA:182,0
DA:183,0
DA:184,0
DA:185,0
DA:186,0
DA:187,0
DA:188,0
DA:189,0
DA:190,0
DA:191,0
DA:192,0
DA:193,0
DA:194,0
DA:195,0
DA:196,0
DA:197,0
DA:198,0
DA:199,1
DA:200,1
DA:201,0
DA:202,0
DA:203,0
DA:204,0
DA:205,0
DA:206,0
DA:207,0
DA:208,0
DA:209,0
DA:210,0
DA:211,0
DA:212,1
DA:213,1
DA:214,0
DA:215,0
DA:216,0
DA:217,0
DA:218,0
DA:219,0
DA:220,0
DA:221,0
DA:222,0
DA:223,0
DA:224,1
DA:225,1
DA:226,0
DA:227,0
DA:228,0
DA:229,0
DA:230,0
DA:231,0
DA:232,0
DA:233,0
DA:234,0
DA:235,0
DA:236,0
DA:237,0
DA:238,0
DA:239,1
DA:240,1
DA:241,0
DA:242,0
DA:243,0
DA:244,0
DA:245,0
DA:246,0
DA:247,0
DA:248,1
DA:249,1
DA:250,0
DA:251,0
DA:252,0
DA:253,1
DA:254,1
DA:255,0
DA:256,0
DA:257,0
DA:258,0
DA:259,0
DA:260,0
DA:261,0
DA:262,0
DA:263,0
DA:264,0
DA:265,1
LH:39
LF:265
end_of_record
SF:src\egress.ts
FN:13,text
FN:16,canonicalHeaders
FN:29,body
FN:35,egressRequestDigest
FN:40,isPrivateEgressAddress
FN:51,redact
FN:57,resolvePublic
FN:65,createHttpsTransport
FN:83,<instance_members_initializer>
FN:84,TrustedEgressBroker
FN:89,execute
FNDA:0,text
FNDA:0,canonicalHeaders
FNDA:0,body
FNDA:0,egressRequestDigest
FNDA:0,isPrivateEgressAddress
FNDA:0,redact
FNDA:0,resolvePublic
FNDA:0,createHttpsTransport
FNDA:1,<instance_members_initializer>
FNDA:1,TrustedEgressBroker
FNDA:0,execute
FNF:11
FNH:2
BRDA:1,0,0,1
BRDA:83,1,0,1
BRDA:84,2,0,1
BRF:3
BRH:3
DA:1,1
DA:2,1
DA:3,1
DA:4,1
DA:5,1
DA:6,1
DA:7,1
DA:8,1
DA:9,1
DA:10,1
DA:11,1
DA:12,1
DA:13,0
DA:14,0
DA:15,0
DA:16,0
DA:17,0
DA:18,0
DA:19,0
DA:20,0
DA:21,0
DA:22,0
DA:23,0
DA:24,0
DA:25,0
DA:26,0
DA:27,0
DA:28,0
DA:29,0
DA:30,0
DA:31,0
DA:32,0
DA:33,0
DA:34,0
DA:35,1
DA:36,0
DA:37,0
DA:38,0
DA:39,0
DA:40,1
DA:41,0
DA:42,0
DA:43,0
DA:44,0
DA:45,0
DA:46,0
DA:47,0
DA:48,0
DA:49,0
DA:50,0
DA:51,0
DA:52,0
DA:53,0
DA:54,0
DA:55,1
DA:56,1
DA:57,1
DA:58,0
DA:59,0
DA:60,0
DA:61,0
DA:62,0
DA:63,1
DA:64,1
DA:65,1
DA:66,0
DA:67,0
DA:68,0
DA:69,0
DA:70,0
DA:71,0
DA:72,0
DA:73,0
DA:74,0
DA:75,0
DA:76,0
DA:77,0
DA:78,0
DA:79,0
DA:80,0
DA:81,0
DA:82,1
DA:83,1
DA:84,1
DA:85,1
DA:86,1
DA:87,1
DA:88,1
DA:89,1
DA:90,0
DA:91,0
DA:92,0
DA:93,0
DA:94,0
DA:95,0
DA:96,0
DA:97,0
DA:98,0
DA:99,0
DA:100,0
DA:101,0
DA:102,0
DA:103,0
DA:104,0
DA:105,0
DA:106,0
DA:107,0
DA:108,0
DA:109,0
DA:110,0
DA:111,0
DA:112,0
DA:113,0
DA:114,0
DA:115,0
DA:116,1
LH:29
LF:116
end_of_record
SF:src\evaluation.ts
FN:10,numericValues
FN:22,summarize
FN:31,aggregateEvaluation
FN:62,metricDeltas
FN:73,countDeltas
FN:82,compareEvaluationAggregates
FNDA:0,numericValues
FNDA:0,summarize
FNDA:0,aggregateEvaluation
FNDA:0,metricDeltas
FNDA:0,countDeltas
FNDA:0,compareEvaluationAggregates
FNF:6
FNH:0
BRDA:1,0,0,1
BRF:1
BRH:1
DA:1,1
DA:2,1
DA:3,1
DA:4,1
DA:5,1
DA:6,1
DA:7,1
DA:8,1
DA:9,1
DA:10,0
DA:11,0
DA:12,0
DA:13,0
DA:14,0
DA:15,0
DA:16,0
DA:17,0
DA:18,0
DA:19,0
DA:20,0
DA:21,1
DA:22,0
DA:23,0
DA:24,0
DA:25,0
DA:26,0
DA:27,0
DA:28,0
DA:29,0
DA:30,1
DA:31,1
DA:32,0
DA:33,0
DA:34,0
DA:35,0
DA:36,0
DA:37,0
DA:38,0
DA:39,0
DA:40,0
DA:41,0
DA:42,0
DA:43,0
DA:44,0
DA:45,0
DA:46,0
DA:47,0
DA:48,0
DA:49,0
DA:50,0
DA:51,0
DA:52,0
DA:53,0
DA:54,0
DA:55,0
DA:56,0
DA:57,0
DA:58,0
DA:59,0
DA:60,0
DA:61,1
DA:62,0
DA:63,0
DA:64,0
DA:65,0
DA:66,0
DA:67,0
DA:68,0
DA:69,0
DA:70,0
DA:71,0
DA:72,1
DA:73,0
DA:74,0
DA:75,0
DA:76,0
DA:77,0
DA:78,0
DA:79,0
DA:80,0
DA:81,1
DA:82,1
DA:83,0
DA:84,0
DA:85,0
DA:86,0
DA:87,0
DA:88,0
DA:89,0
DA:90,0
DA:91,0
DA:92,0
DA:93,0
DA:94,0
DA:95,0
DA:96,0
DA:97,0
DA:98,0
DA:99,0
DA:100,0
DA:101,0
DA:102,0
LH:16
LF:102
end_of_record
SF:src\execution-policy.ts
FN:14,decideExecution
FNDA:0,decideExecution
FNF:1
FNH:0
BRDA:1,0,0,1
BRF:1
BRH:1
DA:1,1
DA:2,1
DA:3,1
DA:4,1
DA:5,1
DA:6,1
DA:7,1
DA:8,1
DA:9,1
DA:10,1
DA:11,1
DA:12,1
DA:13,1
DA:14,1
DA:15,0
DA:16,0
DA:17,0
DA:18,0
DA:19,0
DA:20,0
DA:21,0
DA:22,0
DA:23,0
DA:24,0
DA:25,0
DA:26,0
DA:27,0
DA:28,0
DA:29,0
DA:30,0
DA:31,0
LH:14
LF:31
end_of_record
SF:src\execution-safety.ts
FN:6,text
FN:7,integer
FN:8,money
FN:9,digest
FN:10,payload
FN:14,<instance_members_initializer>
FN:15,ExecutionSafetyKernel
FN:17,preflight
FN:31,validate
FN:38,get
FN:39,bind
FNDA:0,text
FNDA:0,integer
FNDA:0,money
FNDA:0,digest
FNDA:0,payload
FNDA:1,<instance_members_initializer>
FNDA:1,ExecutionSafetyKernel
FNDA:0,preflight
FNDA:0,validate
FNDA:0,get
FNDA:0,bind
FNF:11
FNH:2
BRDA:1,0,0,1
BRDA:14,1,0,1
BRDA:15,2,0,1
BRF:3
BRH:3
DA:1,1
DA:2,1
DA:3,1
DA:4,1
DA:5,1
DA:6,0
DA:7,0
DA:8,0
DA:9,0
DA:10,0
DA:11,1
DA:12,1
DA:13,1
DA:14,1
DA:15,1
DA:16,1
DA:17,1
DA:18,0
DA:19,0
DA:20,0
DA:21,0
DA:22,0
DA:23,0
DA:24,0
DA:25,0
DA:26,0
DA:27,0
DA:28,0
DA:29,0
DA:30,1
DA:31,1
DA:32,0
DA:33,0
DA:34,0
DA:35,0
DA:36,0
DA:37,1
DA:38,1
DA:39,1
DA:40,1
LH:18
LF:40
end_of_record
SF:src\federation.ts
FN:4,text
FN:5,object
FN:6,strings
FN:7,canonical
FN:8,digest
FN:9,payload
FN:10,safe
FN:18,<instance_members_initializer>
FN:19,CapabilityFederationKernel
FN:21,propose
FN:34,review
FN:42,publish
FN:55,subscribe
FN:65,resolve
FN:73,revoke
FNDA:0,text
FNDA:0,object
FNDA:0,strings
FNDA:0,canonical
FNDA:0,digest
FNDA:0,payload
FNDA:0,safe
FNDA:1,<instance_members_initializer>
FNDA:1,CapabilityFederationKernel
FNDA:0,propose
FNDA:0,review
FNDA:0,publish
FNDA:0,subscribe
FNDA:0,resolve
FNDA:0,revoke
FNF:15
FNH:2
BRDA:1,0,0,1
BRDA:18,1,0,1
BRDA:19,2,0,1
BRF:3
BRH:3
DA:1,1
DA:2,1
DA:3,1
DA:4,0
DA:5,0
DA:6,0
DA:7,0
DA:8,0
DA:9,0
DA:10,0
DA:11,0
DA:12,0
DA:13,0
DA:14,0
DA:15,0
DA:16,1
DA:17,1
DA:18,1
DA:19,1
DA:20,1
DA:21,1
DA:22,0
DA:23,0
DA:24,0
DA:25,0
DA:26,0
DA:27,0
DA:28,0
DA:29,0
DA:30,0
DA:31,0
DA:32,0
DA:33,1
DA:34,1
DA:35,0
DA:36,0
DA:37,0
DA:38,0
DA:39,0
DA:40,0
DA:41,1
DA:42,1
DA:43,0
DA:44,0
DA:45,0
DA:46,0
DA:47,0
DA:48,0
DA:49,0
DA:50,0
DA:51,0
DA:52,0
DA:53,0
DA:54,1
DA:55,1
DA:56,0
DA:57,0
DA:58,0
DA:59,0
DA:60,0
DA:61,0
DA:62,0
DA:63,0
DA:64,1
DA:65,1
DA:66,0
DA:67,0
DA:68,0
DA:69,0
DA:70,0
DA:71,0
DA:72,1
DA:73,1
DA:74,0
DA:75,0
DA:76,0
DA:77,0
DA:78,1
LH:20
LF:78
end_of_record
SF:src\guided-work.ts
FN:4,id
FN:5,digest
FN:6,text
FN:7,entries
FN:8,payload
FN:9,noSecret
FN:13,<instance_members_initializer>
FN:14,GuidedWorkKernel
FN:16,create
FN:28,decide
FN:39,bindLaunch
FN:48,get
FNDA:0,id
FNDA:0,digest
FNDA:0,text
FNDA:0,entries
FNDA:0,payload
FNDA:0,noSecret
FNDA:1,<instance_members_initializer>
FNDA:1,GuidedWorkKernel
FNDA:0,create
FNDA:0,decide
FNDA:0,bindLaunch
FNDA:0,get
FNF:12
FNH:2
BRDA:1,0,0,1
BRDA:13,1,0,1
BRDA:14,2,0,1
BRF:3
BRH:3
DA:1,1
DA:2,1
DA:3,1
DA:4,0
DA:5,0
DA:6,0
DA:7,0
DA:8,0
DA:9,0
DA:10,1
DA:11,1
DA:12,1
DA:13,1
DA:14,1
DA:15,1
DA:16,1
DA:17,0
DA:18,0
DA:19,0
DA:20,0
DA:21,0
DA:22,0
DA:23,0
DA:24,0
DA:25,0
DA:26,0
DA:27,1
DA:28,1
DA:29,0
DA:30,0
DA:31,0
DA:32,0
DA:33,0
DA:34,0
DA:35,0
DA:36,0
DA:37,0
DA:38,1
DA:39,1
DA:40,0
DA:41,0
DA:42,0
DA:43,0
DA:44,0
DA:45,0
DA:46,0
DA:47,1
DA:48,1
DA:49,1
LH:17
LF:49
end_of_record
SF:src\home.ts
FN:4,bounded
FN:5,instant
FN:6,pick
FN:7,required
FN:11,<instance_members_initializer>
FN:12,HomeKernel
FN:14,view
FN:49,hostRuns
FN:51,hostRun
FN:53,task
FNDA:0,bounded
FNDA:0,instant
FNDA:0,pick
FNDA:0,required
FNDA:1,<instance_members_initializer>
FNDA:1,HomeKernel
FNDA:0,view
FNDA:0,hostRuns
FNDA:0,hostRun
FNDA:0,task
FNF:10
FNH:2
BRDA:1,0,0,1
BRDA:11,1,0,1
BRDA:12,2,0,1
BRF:3
BRH:3
DA:1,1
DA:2,1
DA:3,1
DA:4,0
DA:5,0
DA:6,0
DA:7,0
DA:8,1
DA:9,1
DA:10,1
DA:11,1
DA:12,1
DA:13,1
DA:14,1
DA:15,0
DA:16,0
DA:17,0
DA:18,0
DA:19,0
DA:20,0
DA:21,0
DA:22,0
DA:23,0
DA:24,0
DA:25,0
DA:26,0
DA:27,0
DA:28,0
DA:29,0
DA:30,0
DA:31,0
DA:32,0
DA:33,0
DA:34,0
DA:35,0
DA:36,0
DA:37,0
DA:38,0
DA:39,0
DA:40,0
DA:41,0
DA:42,0
DA:43,0
DA:44,0
DA:45,0
DA:46,0
DA:47,0
DA:48,1
DA:49,1
DA:50,1
DA:51,1
DA:52,1
DA:53,1
DA:54,0
DA:55,0
DA:56,0
DA:57,0
DA:58,0
DA:59,0
DA:60,0
DA:61,0
DA:62,0
DA:63,0
DA:64,0
DA:65,0
DA:66,0
DA:67,0
DA:68,0
DA:69,0
DA:70,0
DA:71,0
DA:72,0
DA:73,0
DA:74,0
DA:75,0
DA:76,0
DA:77,0
DA:78,1
LH:17
LF:78
end_of_record
SF:src\host-run.ts
FN:5,text
FN:6,payload
FN:10,<instance_members_initializer>
FN:11,HostRunKernel
FN:11,anonymous_4
FN:12,notifyTerminal
FN:14,start
FN:24,get
FN:25,cancel
FN:26,recover
FN:27,wait
FNDA:0,text
FNDA:0,payload
FNDA:1,<instance_members_initializer>
FNDA:1,HostRunKernel
FNDA:2,anonymous_4
FNDA:0,notifyTerminal
FNDA:0,start
FNDA:0,get
FNDA:0,cancel
FNDA:0,recover
FNDA:0,wait
FNF:11
FNH:3
BRDA:1,0,0,1
BRDA:10,1,0,1
BRDA:11,2,0,1
BRDA:11,3,0,2
BRF:4
BRH:4
DA:1,1
DA:2,1
DA:3,1
DA:4,1
DA:5,0
DA:6,0
DA:7,1
DA:8,1
DA:9,1
DA:10,1
DA:11,1
DA:12,1
DA:13,1
DA:14,1
DA:15,0
DA:16,0
DA:17,0
DA:18,0
DA:19,0
DA:20,0
DA:21,0
DA:22,0
DA:23,1
DA:24,1
DA:25,1
DA:26,1
DA:27,1
DA:28,1
LH:18
LF:28
end_of_record
SF:src\hub-sync.ts
FN:4,text
FN:5,integer
FN:6,strings
FN:7,canonical
FN:8,digest
FN:9,payload
FN:10,entry
FN:20,<instance_members_initializer>
FN:21,HubSyncKernel
FN:23,sourceRegister
FN:33,ingest
FN:58,search
FN:66,sourceDisable
FNDA:0,text
FNDA:0,integer
FNDA:0,strings
FNDA:0,canonical
FNDA:0,digest
FNDA:0,payload
FNDA:0,entry
FNDA:1,<instance_members_initializer>
FNDA:1,HubSyncKernel
FNDA:0,sourceRegister
FNDA:0,ingest
FNDA:0,search
FNDA:0,sourceDisable
FNF:13
FNH:2
BRDA:1,0,0,1
BRDA:20,1,0,1
BRDA:21,2,0,1
BRF:3
BRH:3
DA:1,1
DA:2,1
DA:3,1
DA:4,0
DA:5,0
DA:6,0
DA:7,0
DA:8,0
DA:9,0
DA:10,0
DA:11,0
DA:12,0
DA:13,0
DA:14,0
DA:15,0
DA:16,0
DA:17,0
DA:18,1
DA:19,1
DA:20,1
DA:21,1
DA:22,1
DA:23,1
DA:24,0
DA:25,0
DA:26,0
DA:27,0
DA:28,0
DA:29,0
DA:30,0
DA:31,0
DA:32,1
DA:33,1
DA:34,0
DA:35,0
DA:36,0
DA:37,0
DA:38,0
DA:39,0
DA:40,0
DA:41,0
DA:42,0
DA:43,0
DA:44,0
DA:45,0
DA:46,0
DA:47,0
DA:48,0
DA:49,0
DA:50,0
DA:51,0
DA:52,0
DA:53,0
DA:54,0
DA:55,0
DA:56,0
DA:57,1
DA:58,1
DA:59,0
DA:60,0
DA:61,0
DA:62,0
DA:63,0
DA:64,0
DA:65,1
DA:66,1
DA:67,0
DA:68,0
DA:69,0
DA:70,1
LH:16
LF:70
end_of_record
SF:src\hydration.ts
FN:4,text
FN:7,integer
FN:11,strings
FN:17,instant
FN:21,payload
FN:24,fingerprint
FN:25,reference
FN:28,<instance_members_initializer>
FN:29,HydrationKernel
FN:31,capture
FN:68,inspect
FN:100,claim
FN:120,report
FN:135,recover
FNDA:0,text
FNDA:0,integer
FNDA:0,strings
FNDA:0,instant
FNDA:0,payload
FNDA:0,fingerprint
FNDA:0,reference
FNDA:1,<instance_members_initializer>
FNDA:1,HydrationKernel
FNDA:0,capture
FNDA:0,inspect
FNDA:0,claim
FNDA:0,report
FNDA:0,recover
FNF:14
FNH:2
BRDA:1,0,0,1
BRDA:28,1,0,1
BRDA:29,2,0,1
BRF:3
BRH:3
DA:1,1
DA:2,1
DA:3,1
DA:4,0
DA:5,0
DA:6,0
DA:7,0
DA:8,0
DA:9,0
DA:10,0
DA:11,0
DA:12,0
DA:13,0
DA:14,0
DA:15,0
DA:16,0
DA:17,0
DA:18,0
DA:19,0
DA:20,0
DA:21,0
DA:22,0
DA:23,0
DA:24,0
DA:25,0
DA:26,1
DA:27,1
DA:28,1
DA:29,1
DA:30,1
DA:31,1
DA:32,0
DA:33,0
DA:34,0
DA:35,0
DA:36,0
DA:37,0
DA:38,0
DA:39,0
DA:40,0
DA:41,0
DA:42,0
DA:43,0
DA:44,0
DA:45,0
DA:46,0
DA:47,0
DA:48,0
DA:49,0
DA:50,0
DA:51,0
DA:52,0
DA:53,0
DA:54,0
DA:55,0
DA:56,0
DA:57,0
DA:58,0
DA:59,0
DA:60,0
DA:61,0
DA:62,0
DA:63,0
DA:64,0
DA:65,0
DA:66,0
DA:67,1
DA:68,1
DA:69,0
DA:70,0
DA:71,0
DA:72,0
DA:73,0
DA:74,0
DA:75,0
DA:76,0
DA:77,0
DA:78,0
DA:79,0
DA:80,0
DA:81,0
DA:82,0
DA:83,0
DA:84,0
DA:85,0
DA:86,0
DA:87,0
DA:88,0
DA:89,0
DA:90,0
DA:91,0
DA:92,0
DA:93,0
DA:94,0
DA:95,0
DA:96,0
DA:97,0
DA:98,0
DA:99,1
DA:100,1
DA:101,0
DA:102,0
DA:103,0
DA:104,0
DA:105,0
DA:106,0
DA:107,0
DA:108,0
DA:109,0
DA:110,0
DA:111,0
DA:112,0
DA:113,0
DA:114,0
DA:115,0
DA:116,0
DA:117,0
DA:118,0
DA:119,1
DA:120,1
DA:121,0
DA:122,0
DA:123,0
DA:124,0
DA:125,0
DA:126,0
DA:127,0
DA:128,0
DA:129,0
DA:130,0
DA:131,0
DA:132,0
DA:133,0
DA:134,1
DA:135,1
DA:136,0
DA:137,0
DA:138,0
DA:139,0
DA:140,0
DA:141,0
DA:142,0
DA:143,1
LH:18
LF:143
end_of_record
SF:src\isolated.ts
FN:14,processExitCode
FN:16,pathAllowed
FN:21,helperFor
FN:25,runLocalProcess
FN:37,<instance_members_initializer>
FN:38,LocalIsolatedAdapter
FN:40,execute
FNDA:0,processExitCode
FNDA:0,pathAllowed
FNDA:0,helperFor
FNDA:0,runLocalProcess
FNDA:1,<instance_members_initializer>
FNDA:1,LocalIsolatedAdapter
FNDA:0,execute
FNF:7
FNH:2
BRDA:1,0,0,1
BRDA:37,1,0,1
BRDA:38,2,0,1
BRF:3
BRH:3
DA:1,1
DA:2,1
DA:3,1
DA:4,1
DA:5,1
DA:6,1
DA:7,1
DA:8,1
DA:9,1
DA:10,1
DA:11,1
DA:12,1
DA:13,1
DA:14,1
DA:15,1
DA:16,0
DA:17,0
DA:18,0
DA:19,0
DA:20,1
DA:21,0
DA:22,0
DA:23,0
DA:24,1
DA:25,1
DA:26,0
DA:27,0
DA:28,0
DA:29,0
DA:30,0
DA:31,0
DA:32,0
DA:33,0
DA:34,0
DA:35,1
DA:36,1
DA:37,1
DA:38,1
DA:39,1
DA:40,1
DA:41,0
DA:42,0
DA:43,0
DA:44,0
DA:45,0
DA:46,0
DA:47,0
DA:48,0
DA:49,0
DA:50,0
DA:51,0
DA:52,0
DA:53,1
LH:25
LF:53
end_of_record
SF:src\json-schema.ts
FN:6,object
FN:7,integer
FN:8,same
FN:11,validateJsonSchema
FNDA:0,object
FNDA:0,integer
FNDA:0,same
FNDA:0,validateJsonSchema
FNF:4
FNH:0
BRDA:1,0,0,1
BRF:1
BRH:1
DA:1,1
DA:2,1
DA:3,1
DA:4,1
DA:5,1
DA:6,0
DA:7,0
DA:8,0
DA:9,1
DA:10,1
DA:11,1
DA:12,0
DA:13,0
DA:14,0
DA:15,0
DA:16,0
DA:17,0
DA:18,0
DA:19,0
DA:20,0
LH:8
LF:20
end_of_record
SF:src\knowledge-bound-launch.ts
FN:4,text
FN:8,object
FN:12,array
FN:16,positiveInteger
FN:21,digest
FN:22,sameJson
FN:30,<instance_members_initializer>
FN:31,KnowledgeBoundLaunchKernel
FN:33,bind
FN:40,revalidate
FN:51,prompt
FN:56,validate
FNDA:0,text
FNDA:0,object
FNDA:0,array
FNDA:0,positiveInteger
FNDA:0,digest
FNDA:0,sameJson
FNDA:1,<instance_members_initializer>
FNDA:1,KnowledgeBoundLaunchKernel
FNDA:0,bind
FNDA:0,revalidate
FNDA:0,prompt
FNDA:0,validate
FNF:12
FNH:2
BRDA:1,0,0,1
BRDA:30,1,0,1
BRDA:31,2,0,1
BRF:3
BRH:3
DA:1,1
DA:2,1
DA:3,1
DA:4,0
DA:5,0
DA:6,0
DA:7,0
DA:8,0
DA:9,0
DA:10,0
DA:11,0
DA:12,0
DA:13,0
DA:14,0
DA:15,0
DA:16,0
DA:17,0
DA:18,0
DA:19,0
DA:20,0
DA:21,0
DA:22,0
DA:23,1
DA:24,1
DA:25,1
DA:26,1
DA:27,1
DA:28,1
DA:29,1
DA:30,1
DA:31,1
DA:32,1
DA:33,1
DA:34,0
DA:35,0
DA:36,0
DA:37,0
DA:38,0
DA:39,1
DA:40,1
DA:41,0
DA:42,0
DA:43,0
DA:44,0
DA:45,0
DA:46,0
DA:47,0
DA:48,0
DA:49,0
DA:50,1
DA:51,1
DA:52,0
DA:53,0
DA:54,0
DA:55,1
DA:56,1
DA:57,0
DA:58,0
DA:59,0
DA:60,0
DA:61,0
DA:62,0
DA:63,0
DA:64,0
DA:65,0
DA:66,0
DA:67,0
DA:68,0
DA:69,0
DA:70,0
DA:71,0
DA:72,0
DA:73,0
DA:74,0
DA:75,0
DA:76,0
DA:77,0
DA:78,0
DA:79,0
DA:80,0
DA:81,0
DA:82,0
DA:83,0
DA:84,0
DA:85,0
DA:86,0
DA:87,0
DA:88,0
DA:89,1
LH:21
LF:89
end_of_record
SF:src\knowledge-workbench.ts
FN:3,limit
FN:9,pick
FN:15,<instance_members_initializer>
FN:16,KnowledgeWorkbenchKernel
FN:18,view
FNDA:0,limit
FNDA:0,pick
FNDA:1,<instance_members_initializer>
FNDA:1,KnowledgeWorkbenchKernel
FNDA:0,view
FNF:5
FNH:2
BRDA:1,0,0,1
BRDA:15,1,0,1
BRDA:16,2,0,1
BRF:3
BRH:3
DA:1,1
DA:2,1
DA:3,0
DA:4,0
DA:5,0
DA:6,0
DA:7,0
DA:8,1
DA:9,0
DA:10,0
DA:11,0
DA:12,1
DA:13,1
DA:14,1
DA:15,1
DA:16,1
DA:17,1
DA:18,1
DA:19,0
DA:20,0
DA:21,0
DA:22,0
DA:23,0
DA:24,0
DA:25,0
DA:26,0
DA:27,0
DA:28,0
DA:29,0
DA:30,0
DA:31,0
DA:32,0
DA:33,0
DA:34,0
DA:35,0
DA:36,0
DA:37,0
DA:38,0
DA:39,0
DA:40,0
DA:41,0
DA:42,0
DA:43,0
DA:44,0
DA:45,0
DA:46,0
DA:47,0
DA:48,0
DA:49,0
DA:50,0
DA:51,0
DA:52,0
DA:53,0
DA:54,0
DA:55,0
DA:56,0
DA:57,0
DA:58,1
LH:11
LF:58
end_of_record
SF:src\lineage.ts
FN:7,text
FN:10,integer
FN:14,object
FN:17,array
FN:20,locator
FN:24,key
FN:25,digest
FN:28,<instance_members_initializer>
FN:29,LineageKernel
FN:31,reference
FN:41,record
FN:74,trace
FN:96,verify
FNDA:0,text
FNDA:0,integer
FNDA:0,object
FNDA:0,array
FNDA:0,locator
FNDA:0,key
FNDA:0,digest
FNDA:1,<instance_members_initializer>
FNDA:1,LineageKernel
FNDA:0,reference
FNDA:0,record
FNDA:0,trace
FNDA:0,verify
FNF:13
FNH:2
BRDA:1,0,0,1
BRDA:28,1,0,1
BRDA:29,2,0,1
BRF:3
BRH:3
DA:1,1
DA:2,1
DA:3,1
DA:4,1
DA:5,1
DA:6,1
DA:7,0
DA:8,0
DA:9,0
DA:10,0
DA:11,0
DA:12,0
DA:13,0
DA:14,0
DA:15,0
DA:16,0
DA:17,0
DA:18,0
DA:19,0
DA:20,0
DA:21,0
DA:22,0
DA:23,0
DA:24,0
DA:25,0
DA:26,1
DA:27,1
DA:28,1
DA:29,1
DA:30,1
DA:31,1
DA:32,0
DA:33,0
DA:34,0
DA:35,0
DA:36,0
DA:37,0
DA:38,0
DA:39,0
DA:40,1
DA:41,1
DA:42,0
DA:43,0
DA:44,0
DA:45,0
DA:46,0
DA:47,0
DA:48,0
DA:49,0
DA:50,0
DA:51,0
DA:52,0
DA:53,0
DA:54,0
DA:55,0
DA:56,0
DA:57,0
DA:58,0
DA:59,0
DA:60,0
DA:61,0
DA:62,0
DA:63,0
DA:64,0
DA:65,0
DA:66,0
DA:67,0
DA:68,0
DA:69,0
DA:70,0
DA:71,0
DA:72,0
DA:73,1
DA:74,1
DA:75,0
DA:76,0
DA:77,0
DA:78,0
DA:79,0
DA:80,0
DA:81,0
DA:82,0
DA:83,0
DA:84,0
DA:85,0
DA:86,0
DA:87,0
DA:88,0
DA:89,0
DA:90,0
DA:91,0
DA:92,0
DA:93,0
DA:94,0
DA:95,1
DA:96,1
DA:97,0
DA:98,0
DA:99,0
DA:100,0
DA:101,0
DA:102,0
DA:103,0
DA:104,0
DA:105,0
DA:106,0
DA:107,0
DA:108,1
LH:19
LF:108
end_of_record
SF:src\local-candidate-import.ts
FN:6,text
FN:7,digest
FN:11,<instance_members_initializer>
FN:12,LocalCandidateImportKernel
FN:14,import
FN:24,get
FNDA:0,text
FNDA:0,digest
FNDA:1,<instance_members_initializer>
FNDA:1,LocalCandidateImportKernel
FNDA:0,import
FNDA:0,get
FNF:6
FNH:2
BRDA:1,0,0,1
BRDA:11,1,0,1
BRDA:12,2,0,1
BRF:3
BRH:3
DA:1,1
DA:2,1
DA:3,1
DA:4,1
DA:5,1
DA:6,0
DA:7,0
DA:8,1
DA:9,1
DA:10,1
DA:11,1
DA:12,1
DA:13,1
DA:14,1
DA:15,0
DA:16,0
DA:17,0
DA:18,0
DA:19,0
DA:20,0
DA:21,0
DA:22,0
DA:23,1
DA:24,1
DA:25,1
LH:15
LF:25
end_of_record
SF:src\materialization.ts
FN:8,text
FN:9,payload
FN:10,canonical
FN:11,digest
FN:12,safeRelative
FN:13,decode
FN:14,files
FN:20,findings
FN:29,<instance_members_initializer>
FN:30,MaterializationKernel
FN:32,stage
FN:52,review
FN:62,activate
FNDA:0,text
FNDA:0,payload
FNDA:0,canonical
FNDA:0,digest
FNDA:0,safeRelative
FNDA:0,decode
FNDA:0,files
FNDA:0,findings
FNDA:1,<instance_members_initializer>
FNDA:1,MaterializationKernel
FNDA:0,stage
FNDA:0,review
FNDA:0,activate
FNF:13
FNH:2
BRDA:1,0,0,1
BRDA:29,1,0,1
BRDA:30,2,0,1
BRF:3
BRH:3
DA:1,1
DA:2,1
DA:3,1
DA:4,1
DA:5,1
DA:6,1
DA:7,1
DA:8,0
DA:9,0
DA:10,0
DA:11,0
DA:12,0
DA:13,0
DA:14,0
DA:15,0
DA:16,0
DA:17,0
DA:18,0
DA:19,0
DA:20,0
DA:21,0
DA:22,0
DA:23,0
DA:24,0
DA:25,0
DA:26,0
DA:27,1
DA:28,1
DA:29,1
DA:30,1
DA:31,1
DA:32,1
DA:33,0
DA:34,0
DA:35,0
DA:36,0
DA:37,0
DA:38,0
DA:39,0
DA:40,0
DA:41,0
DA:42,0
DA:43,0
DA:44,0
DA:45,0
DA:46,0
DA:47,0
DA:48,0
DA:49,0
DA:50,0
DA:51,1
DA:52,1
DA:53,0
DA:54,0
DA:55,0
DA:56,0
DA:57,0
DA:58,0
DA:59,0
DA:60,0
DA:61,1
DA:62,1
DA:63,0
DA:64,0
DA:65,0
DA:66,0
DA:67,0
DA:68,0
DA:69,0
DA:70,0
DA:71,0
DA:72,0
DA:73,0
DA:74,1
LH:18
LF:74
end_of_record
SF:src\mcp.ts
FN:5,schemaFor
FN:21,objectSchema
FN:22,anonymous_2
FN:24,tool
FN:587,anonymous_4
FN:590,<instance_members_initializer>
FN:594,McpServer
FN:599,craft_info
FN:599,craft_source_add
FN:600,craft_source_list
FN:600,craft_source_update
FN:601,craft_source_remove
FN:601,craft_source_scan
FN:602,craft_capability_search
FN:602,craft_logical_capability_list
FN:603,craft_logical_activation_plan
FN:604,craft_logical_activation_plan_get
FN:605,craft_logical_activation_plan_list
FN:606,craft_logical_activation_audit
FN:606,craft_semantic_status
FN:607,craft_logical_activation_resolve
FN:608,craft_logical_activation_resolution_get
FN:609,craft_logical_activation_resolution_list
FN:611,craft_capability_get
FN:612,craft_default_route
FN:612,craft_default_route_execute
FN:613,craft_default_route_resume
FN:613,craft_default_route_find
FN:614,craft_project_policy_save
FN:615,craft_project_policy_get
FN:616,craft_project_policy_list
FN:617,craft_route_receipt_record
FN:618,craft_host_adapter_save
FN:619,craft_host_adapter_get
FN:620,craft_host_adapter_list
FN:621,craft_host_adapter_dispatch
FN:622,craft_host_adapter_report
FN:623,craft_runtime_policy_save
FN:624,craft_runtime_policy_get
FN:625,craft_runtime_policy_list
FN:626,craft_runtime_run_start
FN:626,craft_runtime_run_get
FN:627,craft_runtime_dispatch
FN:627,craft_runtime_operation_get
FN:628,craft_runtime_operation_decision
FN:629,craft_runtime_operation_submit
FN:629,craft_runtime_run_resume
FN:630,craft_runtime_lease_recover
FN:630,craft_runtime_driver_tick
FN:631,craft_runtime_promotion_eligibility
FN:632,craft_runtime_adapter_save
FN:633,craft_runtime_adapter_get
FN:634,craft_runtime_adapter_list
FN:635,craft_runtime_adapter_dispatch
FN:636,craft_runtime_adapter_report
FN:638,craft_route_workflow_proposal_create
FN:639,craft_default_route_update
FN:640,craft_task_open
FN:640,craft_task_list
FN:641,craft_task_checkpoint
FN:641,craft_feedback_record
FN:642,craft_workspace_open
FN:642,craft_workspace_get
FN:643,craft_workspace_checkpoint
FN:643,craft_workspace_diff
FN:644,craft_workspace_human_change
FN:644,craft_workspace_restore
FN:645,craft_work_object_put
FN:645,craft_work_object_list
FN:646,craft_workspace_impact
FN:646,craft_workspace_change_apply
FN:647,craft_memory_remember
FN:647,craft_memory_transition
FN:648,craft_context_assemble
FN:649,craft_context_profile_save
FN:650,craft_context_profile_get
FN:651,craft_context_profile_list
FN:652,craft_context_profile_assemble
FN:653,craft_task_graph_create
FN:654,craft_task_graph_get
FN:655,craft_task_graph_list
FN:656,craft_task_graph_advance
FN:657,craft_change_set_create
FN:657,craft_change_set_preview
FN:658,craft_change_set_apply
FN:658,craft_budget_open
FN:659,craft_budget_reserve
FN:659,craft_budget_settle
FN:660,craft_budget_close
FN:661,craft_durable_wait_create
FN:661,craft_durable_wait_resume
FN:662,craft_external_event_ingest
FN:663,craft_durable_wait_sweep
FN:664,craft_fallback_contract_save
FN:664,craft_fallback_evaluate
FN:665,craft_fallback_complete
FN:666,craft_credential_handle_register
FN:667,craft_credential_lease_issue
FN:668,craft_credential_lease_revoke
FN:669,craft_egress_authorize
FN:670,craft_egress_request_digest
FN:670,craft_egress_execute
FN:671,craft_sandbox_egress_deliver
FN:672,craft_external_effect_prepare
FN:672,craft_external_effect_start
FN:673,craft_external_effect_report
FN:673,craft_external_effect_resolve
FN:674,craft_effect_reconciliation_execute
FN:675,craft_effect_compensation_issue
FN:675,craft_effect_compensation_report
FN:676,craft_effect_compensation_execute
FN:677,craft_effect_saga_create
FN:677,craft_effect_saga_get
FN:678,craft_recovery_queue_refresh
FN:678,craft_recovery_work_claim
FN:679,craft_attention_refresh
FN:679,craft_attention_list
FN:680,craft_attention_decide
FN:681,craft_home_view
FN:682,craft_codex_dispatch_prepare
FN:683,craft_codex_dispatch_execute
FN:684,craft_claude_dispatch_prepare
FN:685,craft_claude_dispatch_execute
FN:686,craft_capability_context_dispatch_prepare
FN:687,craft_capability_context_dispatch_execute
FN:688,craft_host_run_start
FN:689,craft_host_run_get
FN:690,craft_host_run_cancel
FN:691,craft_host_run_recover
FN:692,craft_work_launch_prepare
FN:693,craft_work_launch_decide
FN:694,craft_work_launch_get
FN:695,craft_work_launch_retry
FN:696,craft_execution_safety_preflight
FN:697,craft_execution_safety_get
FN:698,craft_safety_work_launch_prepare
FN:699,craft_safety_work_launch_decide
FN:700,craft_wiki_candidate_local_import
FN:701,craft_wiki_candidate_local_import_get
FN:702,craft_a2a_agent_card_discover
FN:702,craft_a2a_agent_card_get
FN:702,craft_a2a_agent_card_list
FN:703,craft_capability_context_work_launch_prepare
FN:704,craft_capability_context_work_launch_decide
FN:705,craft_knowledge_context_work_launch_prepare
FN:706,craft_knowledge_context_work_launch_decide
FN:707,craft_knowledge_context_work_launch_retry
FN:708,craft_acceptance_plan_save
FN:709,craft_acceptance_plan_get
FN:710,craft_acceptance_check_record
FN:711,craft_acceptance_human_review
FN:712,craft_acceptance_evaluator_save
FN:713,craft_acceptance_evaluation_prepare
FN:714,craft_acceptance_file_prepare
FN:715,craft_acceptance_coverage_prepare
FN:716,craft_acceptance_media_probe_prepare
FN:717,craft_acceptance_evaluation_claim
FN:718,craft_acceptance_evaluation_recover
FN:719,craft_acceptance_evaluation_report
FN:720,craft_acceptance_assess
FN:721,craft_verified_iteration_create
FN:722,craft_verified_iteration_get
FN:723,craft_verified_iteration_assess
FN:724,craft_strategy_recommend
FN:725,craft_knowledge_claim_save
FN:725,craft_knowledge_claim_get
FN:725,craft_knowledge_claim_list
FN:725,craft_knowledge_claim_review
FN:726,craft_wiki_page_save
FN:726,craft_wiki_page_get
FN:726,craft_wiki_page_list
FN:726,craft_wiki_page_refresh
FN:726,craft_knowledge_relation_save
FN:727,craft_knowledge_workbench_view
FN:727,craft_knowledge_context_bundle_preview
FN:728,craft_wiki_context_compile
FN:728,craft_wiki_context_bundle_get
FN:728,craft_wiki_context_bundle_list
FN:729,craft_wiki_skill_candidate_create
FN:729,craft_wiki_skill_candidate_get
FN:729,craft_wiki_skill_candidate_list
FN:729,craft_wiki_skill_candidate_review
FN:730,craft_wiki_skill_candidate_evaluation_attest
FN:730,craft_wiki_skill_candidate_publication_authorize
FN:731,craft_wiki_skill_candidate_publication_package_prepare
FN:731,craft_wiki_skill_candidate_publication_package_get
FN:731,craft_wiki_skill_candidate_publication_package_list
FN:732,craft_guided_work_create
FN:732,craft_guided_work_decide
FN:732,craft_guided_work_get
FN:732,craft_guided_work_launch_prepare
FN:733,craft_knowledge_evaluation_case_save
FN:733,craft_knowledge_evaluation_case_list
FN:733,craft_knowledge_evaluation_run
FN:733,craft_knowledge_evaluation_run_get
FN:733,craft_knowledge_evaluation_run_list
FN:734,craft_domain_kit_save
FN:734,craft_domain_kit_get
FN:734,craft_domain_kit_list
FN:735,craft_domain_kit_install_builtins
FN:735,craft_domain_kit_apply
FN:736,craft_domain_kit_settle
FN:737,craft_domain_kit_action_lock_get
FN:737,craft_domain_kit_action_prepare
FN:738,craft_domain_kit_action_report
FN:739,craft_home_task
FN:740,craft_recovery_work_report
FN:740,craft_recovery_lease_recover
FN:741,craft_trigger_subscription_save
FN:741,craft_webhook_trigger_ingest
FN:742,craft_speculative_policy_save
FN:742,craft_speculative_enqueue
FN:743,craft_speculative_claim
FN:743,craft_speculative_submit
FN:744,craft_speculative_decide
FN:744,craft_speculative_expire
FN:745,craft_lineage_record
FN:745,craft_lineage_trace
FN:746,craft_lineage_verify
FN:747,craft_dehydration_capture
FN:747,craft_hydration_inspect
FN:748,craft_hydration_claim
FN:748,craft_hydration_report
FN:749,craft_hydration_lease_recover
FN:750,craft_autonomy_policy_save
FN:750,craft_autonomy_request
FN:751,craft_autonomy_decide
FN:751,craft_autonomy_consume
FN:752,craft_contract_observation_record
FN:752,craft_contract_candidate_infer
FN:753,craft_contract_candidate_review
FN:753,craft_contract_candidate_verify
FN:754,craft_contract_diff
FN:754,craft_contract_publish
FN:755,craft_contract_publication_rollback
FN:756,craft_capability_canary_start
FN:756,craft_capability_canary_route
FN:757,craft_capability_canary_observe
FN:757,craft_capability_canary_evaluate
FN:758,craft_capability_bundle_propose
FN:758,craft_capability_bundle_review
FN:759,craft_capability_bundle_publish
FN:759,craft_capability_release_subscribe
FN:760,craft_capability_subscription_resolve
FN:760,craft_capability_release_revoke
FN:761,craft_hub_source_register
FN:761,craft_hub_catalog_ingest
FN:762,craft_hub_catalog_search
FN:762,craft_hub_source_disable
FN:763,craft_capability_materialize_stage
FN:763,craft_capability_materialize_review
FN:764,craft_capability_materialize_activate
FN:765,craft_capability_certification_assess
FN:765,craft_capability_certification_promote
FN:766,craft_supply_chain_advisory_record
FN:766,craft_supply_chain_advisory_resolve
FN:767,craft_supply_chain_reconcile
FN:768,craft_untrusted_content_register
FN:769,craft_untrusted_extraction_record
FN:770,craft_decision_projection_release
FN:771,craft_decision_projection_explain
FN:772,craft_untrusted_content_parse
FN:773,craft_parser_security_evaluate
FN:774,craft_untrusted_content_parse_process
FN:775,craft_sandbox_profile_save
FN:776,craft_sandbox_profile_verify
FN:777,craft_sandbox_plan
FN:778,craft_sandbox_receipt
FN:779,craft_docker_sandbox_request_digest
FN:780,craft_docker_sandbox_probe
FN:781,craft_docker_sandbox_conformance
FN:782,craft_docker_sandbox_execute
FN:783,craft_workspace_transaction_begin
FN:783,craft_workspace_transaction_commit
FN:784,craft_workspace_transaction_rollback
FN:785,craft_workspace_transaction_get
FN:786,craft_trajectory_script_compile
FN:786,craft_trajectory_script_authorize
FN:787,craft_trajectory_script_get
FN:788,craft_trajectory_script_list
FN:789,craft_verified_script_issue
FN:789,craft_verified_script_receipt
FN:790,craft_verified_script_run_get
FN:791,craft_artifact_register
FN:792,craft_artifact_get
FN:793,craft_artifact_list
FN:794,craft_evidence_record
FN:795,craft_evidence_get
FN:796,craft_evidence_list
FN:797,craft_workflow_save
FN:798,craft_workflow_get
FN:799,craft_workflow_search
FN:800,craft_workflow_plan
FN:800,craft_workflow_run
FN:801,craft_workflow_trial_run
FN:802,craft_workflow_run_get
FN:803,craft_workflow_transition
FN:804,craft_workflow_rollback
FN:805,craft_experience_pattern_create
FN:806,craft_experience_pattern_get
FN:807,craft_experience_pattern_list
FN:808,craft_experience_candidate_list
FN:809,craft_experience_mine
FN:810,craft_experience_shadow_experiment_create
FN:811,craft_experience_shadow_experiment_evaluate
FN:812,craft_operational_signal_record
FN:813,craft_operational_drift_evaluate
FN:814,craft_skill_proposal_create
FN:815,craft_skill_proposal_get
FN:816,craft_skill_proposal_list
FN:817,craft_skill_proposal_transition
FN:818,craft_skill_proposal_rollback
FN:819,craft_skill_proposal_publish
FN:820,craft_skill_publication_get
FN:821,craft_skill_publication_list
FN:822,craft_skill_publication_rollback
FN:823,craft_eval_suite_save
FN:824,craft_eval_suite_get
FN:825,craft_eval_suite_list
FN:826,craft_harness_configuration_save
FN:827,craft_harness_configuration_get
FN:828,craft_harness_configuration_list
FN:829,craft_harness_select
FN:829,craft_agent_ir_compile
FN:830,craft_agent_ir_lower
FN:831,craft_trial_start
FN:832,craft_trial_trace_append
FN:833,craft_trial_get
FN:834,craft_trial_list
FN:835,craft_outcome_record
FN:836,craft_evaluation_run_record
FN:837,craft_evaluation_run_get
FN:838,craft_evaluation_run_list
FN:839,craft_evaluation_run_aggregate
FN:840,craft_evaluation_compare
FN:841,craft_evaluation_runner_run
FN:842,craft_evaluation_program_grade
FN:843,craft_evaluation_promotion_assess
FN:844,craft_evaluation_comparison_get
FN:845,craft_evaluation_comparison_list
FN:846,craft_grader_save
FN:847,craft_grader_get
FN:848,craft_grader_list
FN:849,craft_grade_record
FN:850,craft_grade_get
FN:851,craft_grade_list
FN:852,craft_signoff_policy_save
FN:853,craft_signoff_policy_get
FN:854,craft_signoff_policy_list
FN:855,craft_signoff_evaluate
FN:856,craft_signoff_get
FN:857,craft_signoff_list
FN:858,craft_agent_profile_save
FN:860,craft_agent_profile_get
FN:861,craft_agent_profile_list
FN:862,craft_orchestration_plan_create
FN:863,craft_orchestration_trial_start
FN:864,craft_orchestration_plan_get
FN:865,craft_orchestration_plan_list
FN:866,craft_orchestration_dispatch
FN:867,craft_orchestration_renew
FN:868,craft_orchestration_submit
FN:869,craft_orchestration_trial_finalize
FN:881,handle
FN:903,anonymous_364
FN:917,ok
FN:918,error
FNDA:1746,schemaFor
FNDA:376,objectSchema
FNDA:1746,anonymous_2
FNDA:376,tool
FNDA:376,anonymous_4
FNDA:1,<instance_members_initializer>
FNDA:1,McpServer
FNDA:0,craft_info
FNDA:0,craft_source_add
FNDA:0,craft_source_list
FNDA:0,craft_source_update
FNDA:0,craft_source_remove
FNDA:0,craft_source_scan
FNDA:0,craft_capability_search
FNDA:0,craft_logical_capability_list
FNDA:0,craft_logical_activation_plan
FNDA:0,craft_logical_activation_plan_get
FNDA:0,craft_logical_activation_plan_list
FNDA:0,craft_logical_activation_audit
FNDA:0,craft_semantic_status
FNDA:0,craft_logical_activation_resolve
FNDA:0,craft_logical_activation_resolution_get
FNDA:0,craft_logical_activation_resolution_list
FNDA:0,craft_capability_get
FNDA:0,craft_default_route
FNDA:0,craft_default_route_execute
FNDA:0,craft_default_route_resume
FNDA:0,craft_default_route_find
FNDA:0,craft_project_policy_save
FNDA:0,craft_project_policy_get
FNDA:0,craft_project_policy_list
FNDA:0,craft_route_receipt_record
FNDA:0,craft_host_adapter_save
FNDA:0,craft_host_adapter_get
FNDA:0,craft_host_adapter_list
FNDA:0,craft_host_adapter_dispatch
FNDA:0,craft_host_adapter_report
FNDA:0,craft_runtime_policy_save
FNDA:0,craft_runtime_policy_get
FNDA:0,craft_runtime_policy_list
FNDA:0,craft_runtime_run_start
FNDA:0,craft_runtime_run_get
FNDA:0,craft_runtime_dispatch
FNDA:0,craft_runtime_operation_get
FNDA:0,craft_runtime_operation_decision
FNDA:0,craft_runtime_operation_submit
FNDA:0,craft_runtime_run_resume
FNDA:0,craft_runtime_lease_recover
FNDA:0,craft_runtime_driver_tick
FNDA:0,craft_runtime_promotion_eligibility
FNDA:0,craft_runtime_adapter_save
FNDA:0,craft_runtime_adapter_get
FNDA:0,craft_runtime_adapter_list
FNDA:0,craft_runtime_adapter_dispatch
FNDA:0,craft_runtime_adapter_report
FNDA:0,craft_route_workflow_proposal_create
FNDA:0,craft_default_route_update
FNDA:0,craft_task_open
FNDA:0,craft_task_list
FNDA:0,craft_task_checkpoint
FNDA:0,craft_feedback_record
FNDA:0,craft_workspace_open
FNDA:0,craft_workspace_get
FNDA:0,craft_workspace_checkpoint
FNDA:0,craft_workspace_diff
FNDA:0,craft_workspace_human_change
FNDA:0,craft_workspace_restore
FNDA:0,craft_work_object_put
FNDA:0,craft_work_object_list
FNDA:0,craft_workspace_impact
FNDA:0,craft_workspace_change_apply
FNDA:0,craft_memory_remember
FNDA:0,craft_memory_transition
FNDA:0,craft_context_assemble
FNDA:0,craft_context_profile_save
FNDA:0,craft_context_profile_get
FNDA:0,craft_context_profile_list
FNDA:0,craft_context_profile_assemble
FNDA:0,craft_task_graph_create
FNDA:0,craft_task_graph_get
FNDA:0,craft_task_graph_list
FNDA:0,craft_task_graph_advance
FNDA:0,craft_change_set_create
FNDA:0,craft_change_set_preview
FNDA:0,craft_change_set_apply
FNDA:0,craft_budget_open
FNDA:0,craft_budget_reserve
FNDA:0,craft_budget_settle
FNDA:0,craft_budget_close
FNDA:0,craft_durable_wait_create
FNDA:0,craft_durable_wait_resume
FNDA:0,craft_external_event_ingest
FNDA:0,craft_durable_wait_sweep
FNDA:0,craft_fallback_contract_save
FNDA:0,craft_fallback_evaluate
FNDA:0,craft_fallback_complete
FNDA:0,craft_credential_handle_register
FNDA:0,craft_credential_lease_issue
FNDA:0,craft_credential_lease_revoke
FNDA:0,craft_egress_authorize
FNDA:0,craft_egress_request_digest
FNDA:0,craft_egress_execute
FNDA:0,craft_sandbox_egress_deliver
FNDA:0,craft_external_effect_prepare
FNDA:0,craft_external_effect_start
FNDA:0,craft_external_effect_report
FNDA:0,craft_external_effect_resolve
FNDA:0,craft_effect_reconciliation_execute
FNDA:0,craft_effect_compensation_issue
FNDA:0,craft_effect_compensation_report
FNDA:0,craft_effect_compensation_execute
FNDA:0,craft_effect_saga_create
FNDA:0,craft_effect_saga_get
FNDA:0,craft_recovery_queue_refresh
FNDA:0,craft_recovery_work_claim
FNDA:0,craft_attention_refresh
FNDA:0,craft_attention_list
FNDA:0,craft_attention_decide
FNDA:0,craft_home_view
FNDA:0,craft_codex_dispatch_prepare
FNDA:0,craft_codex_dispatch_execute
FNDA:0,craft_claude_dispatch_prepare
FNDA:0,craft_claude_dispatch_execute
FNDA:0,craft_capability_context_dispatch_prepare
FNDA:0,craft_capability_context_dispatch_execute
FNDA:0,craft_host_run_start
FNDA:0,craft_host_run_get
FNDA:0,craft_host_run_cancel
FNDA:0,craft_host_run_recover
FNDA:0,craft_work_launch_prepare
FNDA:0,craft_work_launch_decide
FNDA:0,craft_work_launch_get
FNDA:0,craft_work_launch_retry
FNDA:0,craft_execution_safety_preflight
FNDA:0,craft_execution_safety_get
FNDA:0,craft_safety_work_launch_prepare
FNDA:0,craft_safety_work_launch_decide
FNDA:0,craft_wiki_candidate_local_import
FNDA:0,craft_wiki_candidate_local_import_get
FNDA:1,craft_a2a_agent_card_discover
FNDA:1,craft_a2a_agent_card_get
FNDA:1,craft_a2a_agent_card_list
FNDA:0,craft_capability_context_work_launch_prepare
FNDA:0,craft_capability_context_work_launch_decide
FNDA:0,craft_knowledge_context_work_launch_prepare
FNDA:0,craft_knowledge_context_work_launch_decide
FNDA:0,craft_knowledge_context_work_launch_retry
FNDA:0,craft_acceptance_plan_save
FNDA:0,craft_acceptance_plan_get
FNDA:0,craft_acceptance_check_record
FNDA:0,craft_acceptance_human_review
FNDA:0,craft_acceptance_evaluator_save
FNDA:0,craft_acceptance_evaluation_prepare
FNDA:0,craft_acceptance_file_prepare
FNDA:0,craft_acceptance_coverage_prepare
FNDA:0,craft_acceptance_media_probe_prepare
FNDA:0,craft_acceptance_evaluation_claim
FNDA:0,craft_acceptance_evaluation_recover
FNDA:0,craft_acceptance_evaluation_report
FNDA:0,craft_acceptance_assess
FNDA:0,craft_verified_iteration_create
FNDA:0,craft_verified_iteration_get
FNDA:0,craft_verified_iteration_assess
FNDA:0,craft_strategy_recommend
FNDA:0,craft_knowledge_claim_save
FNDA:0,craft_knowledge_claim_get
FNDA:0,craft_knowledge_claim_list
FNDA:0,craft_knowledge_claim_review
FNDA:0,craft_wiki_page_save
FNDA:0,craft_wiki_page_get
FNDA:0,craft_wiki_page_list
FNDA:0,craft_wiki_page_refresh
FNDA:0,craft_knowledge_relation_save
FNDA:0,craft_knowledge_workbench_view
FNDA:0,craft_knowledge_context_bundle_preview
FNDA:0,craft_wiki_context_compile
FNDA:0,craft_wiki_context_bundle_get
FNDA:0,craft_wiki_context_bundle_list
FNDA:0,craft_wiki_skill_candidate_create
FNDA:0,craft_wiki_skill_candidate_get
FNDA:0,craft_wiki_skill_candidate_list
FNDA:0,craft_wiki_skill_candidate_review
FNDA:0,craft_wiki_skill_candidate_evaluation_attest
FNDA:0,craft_wiki_skill_candidate_publication_authorize
FNDA:0,craft_wiki_skill_candidate_publication_package_prepare
FNDA:0,craft_wiki_skill_candidate_publication_package_get
FNDA:0,craft_wiki_skill_candidate_publication_package_list
FNDA:0,craft_guided_work_create
FNDA:0,craft_guided_work_decide
FNDA:0,craft_guided_work_get
FNDA:0,craft_guided_work_launch_prepare
FNDA:0,craft_knowledge_evaluation_case_save
FNDA:0,craft_knowledge_evaluation_case_list
FNDA:0,craft_knowledge_evaluation_run
FNDA:0,craft_knowledge_evaluation_run_get
FNDA:0,craft_knowledge_evaluation_run_list
FNDA:0,craft_domain_kit_save
FNDA:0,craft_domain_kit_get
FNDA:0,craft_domain_kit_list
FNDA:0,craft_domain_kit_install_builtins
FNDA:0,craft_domain_kit_apply
FNDA:0,craft_domain_kit_settle
FNDA:0,craft_domain_kit_action_lock_get
FNDA:0,craft_domain_kit_action_prepare
FNDA:0,craft_domain_kit_action_report
FNDA:0,craft_home_task
FNDA:0,craft_recovery_work_report
FNDA:0,craft_recovery_lease_recover
FNDA:0,craft_trigger_subscription_save
FNDA:0,craft_webhook_trigger_ingest
FNDA:0,craft_speculative_policy_save
FNDA:0,craft_speculative_enqueue
FNDA:0,craft_speculative_claim
FNDA:0,craft_speculative_submit
FNDA:0,craft_speculative_decide
FNDA:0,craft_speculative_expire
FNDA:0,craft_lineage_record
FNDA:0,craft_lineage_trace
FNDA:0,craft_lineage_verify
FNDA:0,craft_dehydration_capture
FNDA:0,craft_hydration_inspect
FNDA:0,craft_hydration_claim
FNDA:0,craft_hydration_report
FNDA:0,craft_hydration_lease_recover
FNDA:0,craft_autonomy_policy_save
FNDA:0,craft_autonomy_request
FNDA:0,craft_autonomy_decide
FNDA:0,craft_autonomy_consume
FNDA:0,craft_contract_observation_record
FNDA:0,craft_contract_candidate_infer
FNDA:0,craft_contract_candidate_review
FNDA:0,craft_contract_candidate_verify
FNDA:0,craft_contract_diff
FNDA:0,craft_contract_publish
FNDA:0,craft_contract_publication_rollback
FNDA:0,craft_capability_canary_start
FNDA:0,craft_capability_canary_route
FNDA:0,craft_capability_canary_observe
FNDA:0,craft_capability_canary_evaluate
FNDA:0,craft_capability_bundle_propose
FNDA:0,craft_capability_bundle_review
FNDA:0,craft_capability_bundle_publish
FNDA:0,craft_capability_release_subscribe
FNDA:0,craft_capability_subscription_resolve
FNDA:0,craft_capability_release_revoke
FNDA:0,craft_hub_source_register
FNDA:0,craft_hub_catalog_ingest
FNDA:0,craft_hub_catalog_search
FNDA:0,craft_hub_source_disable
FNDA:0,craft_capability_materialize_stage
FNDA:0,craft_capability_materialize_review
FNDA:0,craft_capability_materialize_activate
FNDA:0,craft_capability_certification_assess
FNDA:0,craft_capability_certification_promote
FNDA:0,craft_supply_chain_advisory_record
FNDA:0,craft_supply_chain_advisory_resolve
FNDA:0,craft_supply_chain_reconcile
FNDA:0,craft_untrusted_content_register
FNDA:0,craft_untrusted_extraction_record
FNDA:0,craft_decision_projection_release
FNDA:0,craft_decision_projection_explain
FNDA:0,craft_untrusted_content_parse
FNDA:0,craft_parser_security_evaluate
FNDA:0,craft_untrusted_content_parse_process
FNDA:0,craft_sandbox_profile_save
FNDA:0,craft_sandbox_profile_verify
FNDA:0,craft_sandbox_plan
FNDA:0,craft_sandbox_receipt
FNDA:0,craft_docker_sandbox_request_digest
FNDA:0,craft_docker_sandbox_probe
FNDA:0,craft_docker_sandbox_conformance
FNDA:0,craft_docker_sandbox_execute
FNDA:0,craft_workspace_transaction_begin
FNDA:0,craft_workspace_transaction_commit
FNDA:0,craft_workspace_transaction_rollback
FNDA:0,craft_workspace_transaction_get
FNDA:0,craft_trajectory_script_compile
FNDA:0,craft_trajectory_script_authorize
FNDA:0,craft_trajectory_script_get
FNDA:0,craft_trajectory_script_list
FNDA:0,craft_verified_script_issue
FNDA:0,craft_verified_script_receipt
FNDA:0,craft_verified_script_run_get
FNDA:0,craft_artifact_register
FNDA:0,craft_artifact_get
FNDA:0,craft_artifact_list
FNDA:0,craft_evidence_record
FNDA:0,craft_evidence_get
FNDA:0,craft_evidence_list
FNDA:0,craft_workflow_save
FNDA:0,craft_workflow_get
FNDA:0,craft_workflow_search
FNDA:0,craft_workflow_plan
FNDA:0,craft_workflow_run
FNDA:0,craft_workflow_trial_run
FNDA:0,craft_workflow_run_get
FNDA:0,craft_workflow_transition
FNDA:0,craft_workflow_rollback
FNDA:0,craft_experience_pattern_create
FNDA:0,craft_experience_pattern_get
FNDA:0,craft_experience_pattern_list
FNDA:0,craft_experience_candidate_list
FNDA:0,craft_experience_mine
FNDA:0,craft_experience_shadow_experiment_create
FNDA:0,craft_experience_shadow_experiment_evaluate
FNDA:0,craft_operational_signal_record
FNDA:0,craft_operational_drift_evaluate
FNDA:0,craft_skill_proposal_create
FNDA:0,craft_skill_proposal_get
FNDA:0,craft_skill_proposal_list
FNDA:0,craft_skill_proposal_transition
FNDA:0,craft_skill_proposal_rollback
FNDA:0,craft_skill_proposal_publish
FNDA:0,craft_skill_publication_get
FNDA:0,craft_skill_publication_list
FNDA:0,craft_skill_publication_rollback
FNDA:0,craft_eval_suite_save
FNDA:0,craft_eval_suite_get
FNDA:0,craft_eval_suite_list
FNDA:0,craft_harness_configuration_save
FNDA:0,craft_harness_configuration_get
FNDA:0,craft_harness_configuration_list
FNDA:0,craft_harness_select
FNDA:0,craft_agent_ir_compile
FNDA:0,craft_agent_ir_lower
FNDA:0,craft_trial_start
FNDA:0,craft_trial_trace_append
FNDA:0,craft_trial_get
FNDA:0,craft_trial_list
FNDA:0,craft_outcome_record
FNDA:0,craft_evaluation_run_record
FNDA:0,craft_evaluation_run_get
FNDA:0,craft_evaluation_run_list
FNDA:0,craft_evaluation_run_aggregate
FNDA:0,craft_evaluation_compare
FNDA:0,craft_evaluation_runner_run
FNDA:0,craft_evaluation_program_grade
FNDA:0,craft_evaluation_promotion_assess
FNDA:0,craft_evaluation_comparison_get
FNDA:0,craft_evaluation_comparison_list
FNDA:0,craft_grader_save
FNDA:0,craft_grader_get
FNDA:0,craft_grader_list
FNDA:0,craft_grade_record
FNDA:0,craft_grade_get
FNDA:0,craft_grade_list
FNDA:0,craft_signoff_policy_save
FNDA:0,craft_signoff_policy_get
FNDA:0,craft_signoff_policy_list
FNDA:0,craft_signoff_evaluate
FNDA:0,craft_signoff_get
FNDA:0,craft_signoff_list
FNDA:0,craft_agent_profile_save
FNDA:0,craft_agent_profile_get
FNDA:0,craft_agent_profile_list
FNDA:0,craft_orchestration_plan_create
FNDA:0,craft_orchestration_trial_start
FNDA:0,craft_orchestration_plan_get
FNDA:0,craft_orchestration_plan_list
FNDA:0,craft_orchestration_dispatch
FNDA:0,craft_orchestration_renew
FNDA:0,craft_orchestration_submit
FNDA:0,craft_orchestration_trial_finalize
FNDA:3,handle
FNDA:0,anonymous_364
FNDA:3,ok
FNDA:0,error
FNF:367
FNH:12
BRDA:1,0,0,1
BRDA:5,1,0,1746
BRDA:6,2,0,30
BRDA:6,3,0,1716
BRDA:9,4,0,204
BRDA:9,5,0,1512
BRDA:10,6,0,23
BRDA:10,7,0,1489
BRDA:14,8,0,86
BRDA:14,9,0,1403
BRDA:18,10,0,136
BRDA:18,11,0,1267
BRDA:21,12,0,376
BRDA:22,13,0,1746
BRDA:24,14,0,376
BRDA:26,15,0,122
BRDA:26,16,0,254
BRDA:587,17,0,376
BRDA:590,18,0,1
BRDA:594,19,0,1
BRDA:597,20,0,0
BRDA:702,21,0,1
BRDA:702,22,0,1
BRDA:702,23,0,1
BRDA:881,24,0,3
BRDA:882,25,0,0
BRDA:884,26,0,0
BRDA:884,27,0,0
BRDA:887,28,0,0
BRDA:888,29,0,0
BRDA:895,30,0,0
BRDA:896,31,0,0
BRDA:897,32,0,0
BRDA:898,33,0,0
BRDA:903,34,0,0
BRDA:903,35,0,0
BRDA:905,36,0,0
BRDA:906,37,0,0
BRDA:912,38,0,0
BRDA:917,39,0,3
BRF:40
BRH:25
DA:1,1
DA:2,1
DA:3,1
DA:4,1
DA:5,1
DA:6,1746
DA:7,1716
DA:8,1716
DA:9,1746
DA:10,1746
DA:11,1489
DA:12,1489
DA:13,1489
DA:14,1746
DA:15,1403
DA:16,1403
DA:17,1403
DA:18,1746
DA:19,1267
DA:20,1
DA:21,1
DA:22,376
DA:23,1
DA:24,1
DA:25,376
DA:26,376
DA:27,1
DA:28,1
DA:29,1
DA:30,1
DA:31,1
DA:32,1
DA:33,1
DA:34,1
DA:35,1
DA:36,1
DA:37,1
DA:38,1
DA:39,1
DA:40,1
DA:41,1
DA:42,1
DA:43,1
DA:44,1
DA:45,1
DA:46,1
DA:47,1
DA:48,1
DA:49,1
DA:50,1
DA:51,1
DA:52,1
DA:53,1
DA:54,1
DA:55,1
DA:56,1
DA:57,1
DA:58,1
DA:59,1
DA:60,1
DA:61,1
DA:62,1
DA:63,1
DA:64,1
DA:65,1
DA:66,1
DA:67,1
DA:68,1
DA:69,1
DA:70,1
DA:71,1
DA:72,1
DA:73,1
DA:74,1
DA:75,1
DA:76,1
DA:77,1
DA:78,1
DA:79,1
DA:80,1
DA:81,1
DA:82,1
DA:83,1
DA:84,1
DA:85,1
DA:86,1
DA:87,1
DA:88,1
DA:89,1
DA:90,1
DA:91,1
DA:92,1
DA:93,1
DA:94,1
DA:95,1
DA:96,1
DA:97,1
DA:98,1
DA:99,1
DA:100,1
DA:101,1
DA:102,1
DA:103,1
DA:104,1
DA:105,1
DA:106,1
DA:107,1
DA:108,1
DA:109,1
DA:110,1
DA:111,1
DA:112,1
DA:113,1
DA:114,1
DA:115,1
DA:116,1
DA:117,1
DA:118,1
DA:119,1
DA:120,1
DA:121,1
DA:122,1
DA:123,1
DA:124,1
DA:125,1
DA:126,1
DA:127,1
DA:128,1
DA:129,1
DA:130,1
DA:131,1
DA:132,1
DA:133,1
DA:134,1
DA:135,1
DA:136,1
DA:137,1
DA:138,1
DA:139,1
DA:140,1
DA:141,1
DA:142,1
DA:143,1
DA:144,1
DA:145,1
DA:146,1
DA:147,1
DA:148,1
DA:149,1
DA:150,1
DA:151,1
DA:152,1
DA:153,1
DA:154,1
DA:155,1
DA:156,1
DA:157,1
DA:158,1
DA:159,1
DA:160,1
DA:161,1
DA:162,1
DA:163,1
DA:164,1
DA:165,1
DA:166,1
DA:167,1
DA:168,1
DA:169,1
DA:170,1
DA:171,1
DA:172,1
DA:173,1
DA:174,1
DA:175,1
DA:176,1
DA:177,1
DA:178,1
DA:179,1
DA:180,1
DA:181,1
DA:182,1
DA:183,1
DA:184,1
DA:185,1
DA:186,1
DA:187,1
DA:188,1
DA:189,1
DA:190,1
DA:191,1
DA:192,1
DA:193,1
DA:194,1
DA:195,1
DA:196,1
DA:197,1
DA:198,1
DA:199,1
DA:200,1
DA:201,1
DA:202,1
DA:203,1
DA:204,1
DA:205,1
DA:206,1
DA:207,1
DA:208,1
DA:209,1
DA:210,1
DA:211,1
DA:212,1
DA:213,1
DA:214,1
DA:215,1
DA:216,1
DA:217,1
DA:218,1
DA:219,1
DA:220,1
DA:221,1
DA:222,1
DA:223,1
DA:224,1
DA:225,1
DA:226,1
DA:227,1
DA:228,1
DA:229,1
DA:230,1
DA:231,1
DA:232,1
DA:233,1
DA:234,1
DA:235,1
DA:236,1
DA:237,1
DA:238,1
DA:239,1
DA:240,1
DA:241,1
DA:242,1
DA:243,1
DA:244,1
DA:245,1
DA:246,1
DA:247,1
DA:248,1
DA:249,1
DA:250,1
DA:251,1
DA:252,1
DA:253,1
DA:254,1
DA:255,1
DA:256,1
DA:257,1
DA:258,1
DA:259,1
DA:260,1
DA:261,1
DA:262,1
DA:263,1
DA:264,1
DA:265,1
DA:266,1
DA:267,1
DA:268,1
DA:269,1
DA:270,1
DA:271,1
DA:272,1
DA:273,1
DA:274,1
DA:275,1
DA:276,1
DA:277,1
DA:278,1
DA:279,1
DA:280,1
DA:281,1
DA:282,1
DA:283,1
DA:284,1
DA:285,1
DA:286,1
DA:287,1
DA:288,1
DA:289,1
DA:290,1
DA:291,1
DA:292,1
DA:293,1
DA:294,1
DA:295,1
DA:296,1
DA:297,1
DA:298,1
DA:299,1
DA:300,1
DA:301,1
DA:302,1
DA:303,1
DA:304,1
DA:305,1
DA:306,1
DA:307,1
DA:308,1
DA:309,1
DA:310,1
DA:311,1
DA:312,1
DA:313,1
DA:314,1
DA:315,1
DA:316,1
DA:317,1
DA:318,1
DA:319,1
DA:320,1
DA:321,1
DA:322,1
DA:323,1
DA:324,1
DA:325,1
DA:326,1
DA:327,1
DA:328,1
DA:329,1
DA:330,1
DA:331,1
DA:332,1
DA:333,1
DA:334,1
DA:335,1
DA:336,1
DA:337,1
DA:338,1
DA:339,1
DA:340,1
DA:341,1
DA:342,1
DA:343,1
DA:344,1
DA:345,1
DA:346,1
DA:347,1
DA:348,1
DA:349,1
DA:350,1
DA:351,1
DA:352,1
DA:353,1
DA:354,1
DA:355,1
DA:356,1
DA:357,1
DA:358,1
DA:359,1
DA:360,1
DA:361,1
DA:362,1
DA:363,1
DA:364,1
DA:365,1
DA:366,1
DA:367,1
DA:368,1
DA:369,1
DA:370,1
DA:371,1
DA:372,1
DA:373,1
DA:374,1
DA:375,1
DA:376,1
DA:377,1
DA:378,1
DA:379,1
DA:380,1
DA:381,1
DA:382,1
DA:383,1
DA:384,1
DA:385,1
DA:386,1
DA:387,1
DA:388,1
DA:389,1
DA:390,1
DA:391,1
DA:392,1
DA:393,1
DA:394,1
DA:395,1
DA:396,1
DA:397,1
DA:398,1
DA:399,1
DA:400,1
DA:401,1
DA:402,1
DA:403,1
DA:404,1
DA:405,1
DA:406,1
DA:407,1
DA:408,1
DA:409,1
DA:410,1
DA:411,1
DA:412,1
DA:413,1
DA:414,1
DA:415,1
DA:416,1
DA:417,1
DA:418,1
DA:419,1
DA:420,1
DA:421,1
DA:422,1
DA:423,1
DA:424,1
DA:425,1
DA:426,1
DA:427,1
DA:428,1
DA:429,1
DA:430,1
DA:431,1
DA:432,1
DA:433,1
DA:434,1
DA:435,1
DA:436,1
DA:437,1
DA:438,1
DA:439,1
DA:440,1
DA:441,1
DA:442,1
DA:443,1
DA:444,1
DA:445,1
DA:446,1
DA:447,1
DA:448,1
DA:449,1
DA:450,1
DA:451,1
DA:452,1
DA:453,1
DA:454,1
DA:455,1
DA:456,1
DA:457,1
DA:458,1
DA:459,1
DA:460,1
DA:461,1
DA:462,1
DA:463,1
DA:464,1
DA:465,1
DA:466,1
DA:467,1
DA:468,1
DA:469,1
DA:470,1
DA:471,1
DA:472,1
DA:473,1
DA:474,1
DA:475,1
DA:476,1
DA:477,1
DA:478,1
DA:479,1
DA:480,1
DA:481,1
DA:482,1
DA:483,1
DA:484,1
DA:485,1
DA:486,1
DA:487,1
DA:488,1
DA:489,1
DA:490,1
DA:491,1
DA:492,1
DA:493,1
DA:494,1
DA:495,1
DA:496,1
DA:497,1
DA:498,1
DA:499,1
DA:500,1
DA:501,1
DA:502,1
DA:503,1
DA:504,1
DA:505,1
DA:506,1
DA:507,1
DA:508,1
DA:509,1
DA:510,1
DA:511,1
DA:512,1
DA:513,1
DA:514,1
DA:515,1
DA:516,1
DA:517,1
DA:518,1
DA:519,1
DA:520,1
DA:521,1
DA:522,1
DA:523,1
DA:524,1
DA:525,1
DA:526,1
DA:527,1
DA:528,1
DA:529,1
DA:530,1
DA:531,1
DA:532,1
DA:533,1
DA:534,1
DA:535,1
DA:536,1
DA:537,1
DA:538,1
DA:539,1
DA:540,1
DA:541,1
DA:542,1
DA:543,1
DA:544,1
DA:545,1
DA:546,1
DA:547,1
DA:548,1
DA:549,1
DA:550,1
DA:551,1
DA:552,1
DA:553,1
DA:554,1
DA:555,1
DA:556,1
DA:557,1
DA:558,1
DA:559,1
DA:560,1
DA:561,1
DA:562,1
DA:563,1
DA:564,1
DA:565,1
DA:566,1
DA:567,1
DA:568,1
DA:569,1
DA:570,1
DA:571,1
DA:572,1
DA:573,1
DA:574,1
DA:575,1
DA:576,1
DA:577,1
DA:578,1
DA:579,1
DA:580,1
DA:581,1
DA:582,1
DA:583,1
DA:584,1
DA:585,1
DA:586,1
DA:587,1
DA:588,1
DA:589,1
DA:590,1
DA:591,1
DA:592,1
DA:593,1
DA:594,1
DA:595,1
DA:596,1
DA:597,1
DA:598,1
DA:599,1
DA:600,1
DA:601,1
DA:602,1
DA:603,1
DA:604,1
DA:605,1
DA:606,1
DA:607,1
DA:608,1
DA:609,1
DA:610,1
DA:611,1
DA:612,1
DA:613,1
DA:614,1
DA:615,1
DA:616,1
DA:617,1
DA:618,1
DA:619,1
DA:620,1
DA:621,1
DA:622,1
DA:623,1
DA:624,1
DA:625,1
DA:626,1
DA:627,1
DA:628,1
DA:629,1
DA:630,1
DA:631,1
DA:632,1
DA:633,1
DA:634,1
DA:635,1
DA:636,1
DA:637,1
DA:638,1
DA:639,1
DA:640,1
DA:641,1
DA:642,1
DA:643,1
DA:644,1
DA:645,1
DA:646,1
DA:647,1
DA:648,1
DA:649,1
DA:650,1
DA:651,1
DA:652,1
DA:653,1
DA:654,1
DA:655,1
DA:656,1
DA:657,1
DA:658,1
DA:659,1
DA:660,1
DA:661,1
DA:662,1
DA:663,1
DA:664,1
DA:665,1
DA:666,1
DA:667,1
DA:668,1
DA:669,1
DA:670,1
DA:671,1
DA:672,1
DA:673,1
DA:674,1
DA:675,1
DA:676,1
DA:677,1
DA:678,1
DA:679,1
DA:680,1
DA:681,1
DA:682,1
DA:683,1
DA:684,1
DA:685,1
DA:686,1
DA:687,1
DA:688,1
DA:689,1
DA:690,1
DA:691,1
DA:692,1
DA:693,1
DA:694,1
DA:695,1
DA:696,1
DA:697,1
DA:698,1
DA:699,1
DA:700,1
DA:701,1
DA:702,1
DA:703,1
DA:704,1
DA:705,1
DA:706,1
DA:707,1
DA:708,1
DA:709,1
DA:710,1
DA:711,1
DA:712,1
DA:713,1
DA:714,1
DA:715,1
DA:716,1
DA:717,1
DA:718,1
DA:719,1
DA:720,1
DA:721,1
DA:722,1
DA:723,1
DA:724,1
DA:725,1
DA:726,1
DA:727,1
DA:728,1
DA:729,1
DA:730,1
DA:731,1
DA:732,1
DA:733,1
DA:734,1
DA:735,1
DA:736,1
DA:737,1
DA:738,1
DA:739,1
DA:740,1
DA:741,1
DA:742,1
DA:743,1
DA:744,1
DA:745,1
DA:746,1
DA:747,1
DA:748,1
DA:749,1
DA:750,1
DA:751,1
DA:752,1
DA:753,1
DA:754,1
DA:755,1
DA:756,1
DA:757,1
DA:758,1
DA:759,1
DA:760,1
DA:761,1
DA:762,1
DA:763,1
DA:764,1
DA:765,1
DA:766,1
DA:767,1
DA:768,1
DA:769,1
DA:770,1
DA:771,1
DA:772,1
DA:773,1
DA:774,1
DA:775,1
DA:776,1
DA:777,1
DA:778,1
DA:779,1
DA:780,1
DA:781,1
DA:782,1
DA:783,1
DA:784,1
DA:785,1
DA:786,1
DA:787,1
DA:788,1
DA:789,1
DA:790,1
DA:791,1
DA:792,1
DA:793,1
DA:794,1
DA:795,1
DA:796,1
DA:797,1
DA:798,1
DA:799,1
DA:800,1
DA:801,1
DA:802,1
DA:803,1
DA:804,1
DA:805,1
DA:806,1
DA:807,1
DA:808,1
DA:809,1
DA:810,1
DA:811,1
DA:812,1
DA:813,1
DA:814,1
DA:815,1
DA:816,1
DA:817,1
DA:818,1
DA:819,1
DA:820,1
DA:821,1
DA:822,1
DA:823,1
DA:824,1
DA:825,1
DA:826,1
DA:827,1
DA:828,1
DA:829,1
DA:830,1
DA:831,1
DA:832,1
DA:833,1
DA:834,1
DA:835,1
DA:836,1
DA:837,1
DA:838,1
DA:839,1
DA:840,1
DA:841,1
DA:842,1
DA:843,1
DA:844,1
DA:845,1
DA:846,1
DA:847,1
DA:848,1
DA:849,1
DA:850,1
DA:851,1
DA:852,1
DA:853,1
DA:854,1
DA:855,1
DA:856,1
DA:857,1
DA:858,1
DA:859,1
DA:860,1
DA:861,1
DA:862,1
DA:863,1
DA:864,1
DA:865,1
DA:866,1
DA:867,1
DA:868,1
DA:869,1
DA:870,1
DA:871,1
DA:872,1
DA:873,1
DA:874,1
DA:875,1
DA:876,1
DA:877,1
DA:878,1
DA:879,1
DA:880,1
DA:881,1
DA:882,3
DA:883,3
DA:884,3
DA:885,0
DA:886,0
DA:887,3
DA:888,3
DA:889,0
DA:890,0
DA:891,0
DA:892,0
DA:893,0
DA:894,0
DA:895,3
DA:896,3
DA:897,3
DA:898,3
DA:899,0
DA:900,0
DA:901,3
DA:902,3
DA:903,3
DA:904,3
DA:905,3
DA:906,3
DA:907,0
DA:908,0
DA:909,3
DA:910,3
DA:911,3
DA:912,3
DA:913,0
DA:914,0
DA:915,0
DA:916,3
DA:917,1
DA:918,1
DA:919,0
DA:920,0
DA:921,1
LH:904
LF:921
end_of_record
SF:src\orchestration.ts
FN:9,addCosts
FN:20,orchestrationOutcome
FN:33,normalizeNodes
FN:72,planStatus
FN:78,dispatchNodes
FN:105,recoverExpiredLeases
FN:117,submitNode
FNDA:0,addCosts
FNDA:0,orchestrationOutcome
FNDA:0,normalizeNodes
FNDA:0,planStatus
FNDA:0,dispatchNodes
FNDA:0,recoverExpiredLeases
FNDA:0,submitNode
FNF:7
FNH:0
BRDA:1,0,0,1
BRF:1
BRH:1
DA:1,1
DA:2,1
DA:3,1
DA:4,1
DA:5,1
DA:6,1
DA:7,1
DA:8,1
DA:9,1
DA:10,0
DA:11,0
DA:12,0
DA:13,0
DA:14,0
DA:15,0
DA:16,0
DA:17,0
DA:18,0
DA:19,1
DA:20,1
DA:21,0
DA:22,0
DA:23,0
DA:24,0
DA:25,0
DA:26,0
DA:27,0
DA:28,0
DA:29,0
DA:30,0
DA:31,0
DA:32,1
DA:33,1
DA:34,0
DA:35,0
DA:36,0
DA:37,0
DA:38,0
DA:39,0
DA:40,0
DA:41,0
DA:42,0
DA:43,0
DA:44,0
DA:45,0
DA:46,0
DA:47,0
DA:48,0
DA:49,0
DA:50,0
DA:51,0
DA:52,0
DA:53,0
DA:54,0
DA:55,0
DA:56,0
DA:57,0
DA:58,0
DA:59,0
DA:60,0
DA:61,0
DA:62,0
DA:63,0
DA:64,0
DA:65,0
DA:66,0
DA:67,0
DA:68,0
DA:69,0
DA:70,0
DA:71,1
DA:72,1
DA:73,0
DA:74,0
DA:75,0
DA:76,0
DA:77,1
DA:78,1
DA:79,0
DA:80,0
DA:81,0
DA:82,0
DA:83,0
DA:84,0
DA:85,0
DA:86,0
DA:87,0
DA:88,0
DA:89,0
DA:90,0
DA:91,0
DA:92,0
DA:93,0
DA:94,0
DA:95,0
DA:96,0
DA:97,0
DA:98,0
DA:99,0
DA:100,0
DA:101,0
DA:102,0
DA:103,0
DA:104,1
DA:105,1
DA:106,0
DA:107,0
DA:108,0
DA:109,0
DA:110,0
DA:111,0
DA:112,0
DA:113,0
DA:114,0
DA:115,0
DA:116,1
DA:117,1
DA:118,0
DA:119,0
DA:120,0
DA:121,0
DA:122,0
DA:123,0
DA:124,0
DA:125,0
DA:126,0
DA:127,0
DA:128,0
DA:129,0
DA:130,0
DA:131,0
DA:132,0
DA:133,0
DA:134,0
DA:135,0
DA:136,0
DA:137,0
DA:138,0
DA:139,0
DA:140,0
DA:141,0
DA:142,0
DA:143,0
DA:144,0
DA:145,0
DA:146,0
DA:147,0
LH:21
LF:147
end_of_record
SF:src\parser-process.ts
FN:11,text
FN:16,resolveParserWorkerPath
FN:28,scrubParserEnvironment
FN:34,runParserWorker
FN:63,<instance_members_initializer>
FN:64,ParserProcessAdapter
FN:66,parse
FNDA:0,text
FNDA:0,resolveParserWorkerPath
FNDA:0,scrubParserEnvironment
FNDA:0,runParserWorker
FNDA:1,<instance_members_initializer>
FNDA:1,ParserProcessAdapter
FNDA:0,parse
FNF:7
FNH:2
BRDA:1,0,0,1
BRDA:63,1,0,1
BRDA:64,2,0,1
BRF:3
BRH:3
DA:1,1
DA:2,1
DA:3,1
DA:4,1
DA:5,1
DA:6,1
DA:7,1
DA:8,1
DA:9,1
DA:10,1
DA:11,0
DA:12,0
DA:13,0
DA:14,0
DA:15,1
DA:16,1
DA:17,0
DA:18,0
DA:19,0
DA:20,0
DA:21,0
DA:22,0
DA:23,0
DA:24,0
DA:25,0
DA:26,0
DA:27,1
DA:28,1
DA:29,0
DA:30,0
DA:31,0
DA:32,0
DA:33,1
DA:34,1
DA:35,0
DA:36,0
DA:37,0
DA:38,0
DA:39,0
DA:40,0
DA:41,0
DA:42,0
DA:43,0
DA:44,0
DA:45,0
DA:46,0
DA:47,0
DA:48,0
DA:49,0
DA:50,0
DA:51,0
DA:52,0
DA:53,0
DA:54,0
DA:55,0
DA:56,0
DA:57,0
DA:58,0
DA:59,0
DA:60,0
DA:61,1
DA:62,1
DA:63,1
DA:64,1
DA:65,1
DA:66,1
DA:67,0
DA:68,0
DA:69,0
DA:70,0
DA:71,0
DA:72,0
DA:73,0
DA:74,0
DA:75,0
DA:76,0
DA:77,0
DA:78,0
DA:79,0
DA:80,0
DA:81,0
DA:82,0
DA:83,0
DA:84,0
DA:85,0
DA:86,0
DA:87,0
DA:88,0
DA:89,0
DA:90,0
DA:91,0
DA:92,0
DA:93,0
DA:94,0
DA:95,1
LH:23
LF:95
end_of_record
SF:src\paths.ts
FN:22,dataRoot
FN:27,craftPaths
FN:46,ensureLayout
FN:50,anonymous_3
FN:54,atomicPrivateJson
FNDA:0,dataRoot
FNDA:1,craftPaths
FNDA:1,ensureLayout
FNDA:8,anonymous_3
FNDA:0,atomicPrivateJson
FNF:5
FNH:3
BRDA:1,0,0,1
BRDA:27,1,0,1
BRDA:46,2,0,1
BRDA:50,3,0,8
BRF:4
BRH:4
DA:1,1
DA:2,1
DA:3,1
DA:4,1
DA:5,1
DA:6,1
DA:7,1
DA:8,1
DA:9,1
DA:10,1
DA:11,1
DA:12,1
DA:13,1
DA:14,1
DA:15,1
DA:16,1
DA:17,1
DA:18,1
DA:19,1
DA:20,1
DA:21,1
DA:22,1
DA:23,0
DA:24,0
DA:25,0
DA:26,1
DA:27,1
DA:28,1
DA:29,1
DA:30,1
DA:31,1
DA:32,1
DA:33,1
DA:34,1
DA:35,1
DA:36,1
DA:37,1
DA:38,1
DA:39,1
DA:40,1
DA:41,1
DA:42,1
DA:43,1
DA:44,1
DA:45,1
DA:46,1
DA:47,1
DA:48,1
DA:49,1
DA:50,1
DA:51,1
DA:52,1
DA:53,1
DA:54,1
DA:55,0
DA:56,0
DA:57,0
DA:58,0
DA:59,0
DA:60,0
DA:61,0
DA:62,0
DA:63,0
DA:64,0
LH:51
LF:64
end_of_record
SF:src\recovery.ts
FN:4,text
FN:7,positiveInteger
FN:12,stringArray
FN:17,payload
FN:20,instant
FN:29,<instance_members_initializer>
FN:30,RecoveryQueueKernel
FN:32,refresh
FN:50,claim
FN:63,report
FN:84,recoverExpired
FN:96,candidates
FN:120,candidate
FNDA:0,text
FNDA:0,positiveInteger
FNDA:0,stringArray
FNDA:0,payload
FNDA:0,instant
FNDA:1,<instance_members_initializer>
FNDA:1,RecoveryQueueKernel
[...]
DA:50,0
DA:51,0
DA:52,0
DA:53,0
DA:54,0
DA:55,0
DA:56,1
DA:57,1
DA:58,0
DA:59,0
DA:60,0
DA:61,0
DA:62,0
DA:63,0
DA:64,0
DA:65,0
DA:66,0
DA:67,0
DA:68,0
DA:69,0
DA:70,0
DA:71,0
DA:72,0
DA:73,0
DA:74,0
DA:75,0
DA:76,0
DA:77,0
DA:78,0
DA:79,0
DA:80,0
DA:81,0
DA:82,0
DA:83,0
DA:84,0
DA:85,1
DA:86,1
DA:87,0
DA:88,0
DA:89,0
DA:90,0
DA:91,0
DA:92,0
DA:93,0
DA:94,0
DA:95,0
DA:96,0
DA:97,0
DA:98,1
DA:99,1
DA:100,0
DA:101,0
DA:102,0
DA:103,0
DA:104,0
DA:105,0
DA:106,0
DA:107,0
DA:108,0
DA:109,0
DA:110,0
DA:111,1
DA:112,1
DA:113,0
DA:114,0
DA:115,0
DA:116,0
DA:117,0
DA:118,0
DA:119,0
DA:120,0
DA:121,0
DA:122,0
DA:123,0
DA:124,0
DA:125,0
DA:126,1
DA:127,1
DA:128,0
DA:129,0
DA:130,0
DA:131,0
DA:132,0
DA:133,0
DA:134,0
DA:135,0
DA:136,1
LH:21
LF:136
end_of_record
SF:src\store.ts
FN:10,payloadOnly
FN:11,anonymous_1
FN:14,validLimit
FN:22,<instance_members_initializer>
FN:25,CraftStore
FN:29,open
FN:67,get database
FN:72,transaction
FN:85,legacyDatabaseDetected
FN:89,save
FN:93,create
FN:94,anonymous_11
FN:102,saveBatch
FN:107,updateIfVersion
FN:117,insert
FN:130,find
FN:141,get
FN:147,list
FN:154,anonymous_18
FN:158,count
FN:165,searchCapabilities
FN:177,remove
FN:184,appendEvent
FN:197,events
FN:207,record
FN:212,close
FNDA:3,payloadOnly
FNDA:33,anonymous_1
FNDA:2,validLimit
FNDA:1,<instance_members_initializer>
FNDA:1,CraftStore
FNDA:1,open
FNDA:13,get database
FNDA:3,transaction
FNDA:0,legacyDatabaseDetected
FNDA:0,save
FNDA:3,create
FNDA:3,anonymous_11
FNDA:0,saveBatch
FNDA:0,updateIfVersion
FNDA:3,insert
FNDA:8,find
FNDA:2,get
FNDA:2,list
FNDA:4,anonymous_18
FNDA:0,count
FNDA:0,searchCapabilities
FNDA:0,remove
FNDA:0,appendEvent
FNDA:0,events
FNDA:9,record
FNDA:1,close
FNF:26
FNH:17
BRDA:1,0,0,1
BRDA:10,1,0,3
BRDA:11,2,0,33
BRDA:14,3,0,2
BRDA:15,4,0,0
BRDA:22,5,0,1
BRDA:25,6,0,1
BRDA:29,7,0,1
BRDA:30,8,0,0
BRDA:51,9,0,0
BRDA:52,10,0,0
BRDA:60,11,0,0
BRDA:67,12,0,13
BRDA:68,13,0,0
BRDA:72,14,0,3
BRDA:79,15,0,0
BRDA:93,16,0,3
BRDA:94,17,0,3
BRDA:97,18,0,0
BRDA:117,19,0,3
BRDA:121,20,0,0
BRDA:130,21,0,8
BRDA:135,22,0,0
BRDA:138,23,0,5
BRDA:138,24,0,3
BRDA:141,25,0,2
BRDA:143,26,0,0
BRDA:147,27,0,2
BRDA:152,28,0,0
BRDA:153,29,0,0
BRDA:155,30,0,0
BRDA:154,31,0,4
BRDA:207,32,0,9
BRDA:212,33,0,1
BRF:34
BRH:20
DA:1,1
DA:2,1
DA:3,1
DA:4,1
DA:5,1
DA:6,1
DA:7,1
DA:8,1
DA:9,1
DA:10,3
DA:11,3
DA:12,3
DA:13,1
DA:14,2
DA:15,2
DA:16,0
DA:17,0
DA:18,2
DA:19,2
DA:20,1
DA:21,1
DA:22,1
DA:23,1
DA:24,1
DA:25,1
DA:26,1
DA:27,1
DA:28,1
DA:29,1
DA:30,1
DA:31,1
DA:32,1
DA:33,1
DA:34,1
DA:35,1
DA:36,1
DA:37,1
DA:38,1
DA:39,1
DA:40,1
DA:41,1
DA:42,1
DA:43,1
DA:44,1
DA:45,1
DA:46,1
DA:47,1
DA:48,1
DA:49,1
DA:50,1
DA:51,1
DA:52,1
DA:53,0
DA:54,0
DA:55,1
DA:56,1
DA:57,1
DA:58,1
DA:59,1
DA:60,1
DA:61,0
DA:62,0
DA:63,0
DA:64,0
DA:65,1
DA:66,1
DA:67,1
DA:68,13
DA:69,13
DA:70,13
DA:71,1
DA:72,1
DA:73,3
DA:74,3
DA:75,3
DA:76,3
DA:77,3
DA:78,3
DA:79,3
DA:80,0
DA:81,0
DA:82,0
DA:83,3
DA:84,1
DA:85,1
DA:86,0
DA:87,0
DA:88,1
DA:89,1
DA:90,0
DA:91,0
DA:92,1
DA:93,1
DA:94,3
DA:95,3
DA:96,3
DA:97,3
DA:98,3
DA:99,3
DA:100,3
DA:101,1
DA:102,1
DA:103,0
DA:104,0
DA:105,0
DA:106,1
DA:107,1
DA:108,0
DA:109,0
DA:110,0
DA:111,0
DA:112,0
DA:113,0
DA:114,0
DA:115,0
DA:116,1
DA:117,1
DA:118,3
DA:119,3
DA:120,3
DA:121,3
DA:122,0
DA:123,3
DA:124,3
DA:125,3
DA:126,3
DA:127,3
DA:128,3
DA:129,1
DA:130,1
DA:131,8
DA:132,8
DA:133,8
DA:134,8
DA:135,8
DA:136,0
DA:137,8
DA:138,8
DA:139,8
DA:140,1
DA:141,1
DA:142,2
DA:143,2
DA:144,2
DA:145,2
DA:146,1
DA:147,1
DA:148,2
DA:149,2
DA:150,2
DA:151,2
DA:152,2
DA:153,2
DA:154,2
DA:155,2
DA:156,2
DA:157,1
DA:158,1
DA:159,0
DA:160,0
DA:161,0
DA:162,0
DA:163,0
DA:164,1
DA:165,1
DA:166,0
DA:167,0
DA:168,0
DA:169,0
DA:170,0
DA:171,0
DA:172,0
DA:173,0
DA:174,0
DA:175,0
DA:176,1
DA:177,1
DA:178,0
DA:179,0
DA:180,0
DA:181,0
DA:182,0
DA:183,1
DA:184,1
DA:185,0
DA:186,0
DA:187,0
DA:188,0
DA:189,0
DA:190,0
DA:191,0
DA:192,0
DA:193,0
DA:194,0
DA:195,0
DA:196,1
DA:197,1
DA:198,0
DA:199,0
DA:200,0
DA:201,0
DA:202,0
DA:203,0
DA:204,0
DA:205,0
DA:206,1
DA:207,1
DA:208,9
DA:209,9
DA:210,9
DA:211,1
DA:212,1
DA:213,1
DA:214,1
DA:215,1
DA:216,1
LH:149
LF:216
end_of_record
SF:src\supply-chain.ts
FN:4,text
FN:5,payload
FN:6,canonical
FN:7,digest
FN:8,strings
FN:13,<instance_members_initializer>
FN:14,SupplyChainKernel
FN:16,advisoryRecord
FN:33,advisoryResolve
FN:41,reconcile
FNDA:0,text
FNDA:0,payload
FNDA:0,canonical
FNDA:0,digest
FNDA:0,strings
FNDA:1,<instance_members_initializer>
FNDA:1,SupplyChainKernel
FNDA:0,advisoryRecord
FNDA:0,advisoryResolve
FNDA:0,reconcile
FNF:10
FNH:2
BRDA:1,0,0,1
BRDA:13,1,0,1
BRDA:14,2,0,1
BRF:3
BRH:3
DA:1,1
DA:2,1
DA:3,1
DA:4,0
DA:5,0
DA:6,0
DA:7,0
DA:8,0
DA:9,1
DA:10,1
DA:11,1
DA:12,1
DA:13,1
DA:14,1
DA:15,1
DA:16,1
DA:17,0
DA:18,0
DA:19,0
DA:20,0
DA:21,0
DA:22,0
DA:23,0
DA:24,0
DA:25,0
DA:26,0
DA:27,0
DA:28,0
DA:29,0
DA:30,0
DA:31,0
DA:32,1
DA:33,1
DA:34,0
DA:35,0
DA:36,0
DA:37,0
DA:38,0
DA:39,0
DA:40,1
DA:41,1
DA:42,0
DA:43,0
DA:44,0
DA:45,0
DA:46,0
DA:47,0
DA:48,0
DA:49,0
DA:50,0
DA:51,0
DA:52,0
DA:53,0
DA:54,0
DA:55,0
DA:56,0
DA:57,0
DA:58,0
DA:59,0
DA:60,0
DA:61,0
DA:62,0
DA:63,0
DA:64,0
DA:65,0
DA:66,0
DA:67,0
DA:68,0
DA:69,0
DA:70,0
DA:71,1
LH:16
LF:71
end_of_record
SF:src\trajectory.ts
FN:7,id
FN:13,text
FN:19,object
FN:24,recordPayload
FN:29,render
FN:34,<instance_members_initializer>
FN:35,TrajectoryCompiler
FN:37,compile
FN:49,authorize
FN:59,trialIds
FN:70,operations
FNDA:0,id
FNDA:0,text
FNDA:0,object
FNDA:0,recordPayload
FNDA:0,render
FNDA:1,<instance_members_initializer>
FNDA:1,TrajectoryCompiler
FNDA:0,compile
FNDA:0,authorize
FNDA:0,trialIds
FNDA:0,operations
FNF:11
FNH:2
BRDA:1,0,0,1
BRDA:34,1,0,1
BRDA:35,2,0,1
BRF:3
BRH:3
DA:1,1
DA:2,1
DA:3,1
DA:4,1
DA:5,1
DA:6,1
DA:7,0
DA:8,0
DA:9,0
DA:10,0
DA:11,0
DA:12,1
DA:13,0
DA:14,0
DA:15,0
DA:16,0
DA:17,0
DA:18,1
DA:19,0
DA:20,0
DA:21,0
DA:22,0
DA:23,1
DA:24,0
DA:25,0
DA:26,0
DA:27,0
DA:28,1
DA:29,0
DA:30,0
DA:31,0
DA:32,1
DA:33,1
DA:34,1
DA:35,1
DA:36,1
DA:37,1
DA:38,0
DA:39,0
DA:40,0
DA:41,0
DA:42,0
DA:43,0
DA:44,0
DA:45,0
DA:46,0
DA:47,0
DA:48,1
DA:49,1
DA:50,0
DA:51,0
DA:52,0
DA:53,0
DA:54,0
DA:55,0
DA:56,0
DA:57,0
DA:58,1
DA:59,1
DA:60,0
DA:61,0
DA:62,0
DA:63,0
DA:64,0
DA:65,0
DA:66,0
DA:67,0
DA:68,0
DA:69,1
DA:70,1
DA:71,0
DA:72,0
DA:73,0
DA:74,0
DA:75,0
DA:76,0
DA:77,0
DA:78,0
DA:79,0
DA:80,0
DA:81,0
DA:82,0
DA:83,0
DA:84,0
DA:85,0
DA:86,1
LH:23
LF:86
end_of_record
SF:src\transaction.ts
FN:5,id
FN:11,text
FN:16,recordPayload
FN:22,<instance_members_initializer>
FN:24,TransactionCoordinator
FN:26,begin
FN:39,commit
FN:54,rollback
FNDA:0,id
FNDA:0,text
FNDA:0,recordPayload
FNDA:1,<instance_members_initializer>
FNDA:1,TransactionCoordinator
FNDA:0,begin
FNDA:0,commit
FNDA:0,rollback
FNF:8
FNH:2
BRDA:1,0,0,1
BRDA:22,1,0,1
BRDA:24,2,0,1
BRF:3
BRH:3
DA:1,1
DA:2,1
DA:3,1
DA:4,1
DA:5,0
DA:6,0
DA:7,0
DA:8,0
DA:9,0
DA:10,1
DA:11,0
DA:12,0
DA:13,0
DA:14,0
DA:15,1
DA:16,0
DA:17,0
DA:18,0
DA:19,0
DA:20,1
DA:21,1
DA:22,1
DA:23,1
DA:24,1
DA:25,1
DA:26,1
DA:27,0
DA:28,0
DA:29,0
DA:30,0
DA:31,0
DA:32,0
DA:33,0
DA:34,0
DA:35,0
DA:36,0
DA:37,0
DA:38,1
DA:39,1
DA:40,0
DA:41,0
DA:42,0
DA:43,0
DA:44,0
DA:45,0
DA:46,0
DA:47,0
DA:48,0
DA:49,0
DA:50,0
DA:51,0
DA:52,0
DA:53,1
DA:54,1
DA:55,0
DA:56,0
DA:57,0
DA:58,0
DA:59,0
DA:60,0
DA:61,0
DA:62,0
DA:63,0
DA:64,1
LH:18
LF:64
end_of_record
SF:src\trigger.ts
FN:4,text
FN:7,id
FN:10,object
FN:13,integer
FN:17,fields
FN:25,scalar
FN:30,instant
FN:36,<instance_members_initializer>
FN:37,TriggerKernel
FN:39,subscriptionSave
FN:68,webhookIngest
FNDA:0,text
FNDA:0,id
FNDA:0,object
FNDA:0,integer
FNDA:0,fields
FNDA:0,scalar
FNDA:0,instant
FNDA:1,<instance_members_initializer>
FNDA:1,TriggerKernel
FNDA:0,subscriptionSave
FNDA:0,webhookIngest
FNF:11
FNH:2
BRDA:1,0,0,1
BRDA:36,1,0,1
BRDA:37,2,0,1
BRF:3
BRH:3
DA:1,1
DA:2,1
DA:3,1
DA:4,0
DA:5,0
DA:6,0
DA:7,0
DA:8,0
DA:9,0
DA:10,0
DA:11,0
DA:12,0
DA:13,0
DA:14,0
DA:15,0
DA:16,0
DA:17,0
DA:18,0
DA:19,0
DA:20,0
DA:21,0
DA:22,0
DA:23,0
DA:24,0
DA:25,0
DA:26,0
DA:27,0
DA:28,0
DA:29,0
DA:30,0
DA:31,0
DA:32,0
DA:33,0
DA:34,1
DA:35,1
DA:36,1
DA:37,1
DA:38,1
DA:39,1
DA:40,0
DA:41,0
DA:42,0
DA:43,0
DA:44,0
DA:45,0
DA:46,0
DA:47,0
DA:48,0
DA:49,0
DA:50,0
DA:51,0
DA:52,0
DA:53,0
DA:54,0
DA:55,0
DA:56,0
DA:57,0
DA:58,0
DA:59,0
DA:60,0
DA:61,0
DA:62,0
DA:63,0
DA:64,0
DA:65,0
DA:66,0
DA:67,1
DA:68,1
DA:69,0
DA:70,0
DA:71,0
DA:72,0
DA:73,0
DA:74,0
DA:75,0
DA:76,0
DA:77,0
DA:78,0
DA:79,0
DA:80,0
DA:81,0
DA:82,0
DA:83,0
DA:84,0
DA:85,0
DA:86,0
DA:87,0
DA:88,0
DA:89,0
DA:90,0
DA:91,0
DA:92,0
DA:93,0
DA:94,0
DA:95,0
DA:96,0
DA:97,0
DA:98,0
DA:99,0
DA:100,0
DA:101,0
DA:102,0
DA:103,0
DA:104,0
DA:105,0
DA:106,0
DA:107,0
DA:108,0
DA:109,0
DA:110,0
DA:111,1
LH:12
LF:111
end_of_record
SF:src\untrusted-parser.ts
FN:7,requiredText
FN:12,requiredObject
FN:17,jsonPointer
FN:29,textLine
FN:45,instructionSignals
FN:49,extractFields
FN:63,analyzeUntrustedContent
FN:69,format
FN:75,selectors
FN:82,<instance_members_initializer>
FN:83,DataOnlyParserAdapter
FN:85,parse
FN:105,evaluate
FNDA:0,requiredText
FNDA:0,requiredObject
FNDA:0,jsonPointer
FNDA:0,textLine
FNDA:0,instructionSignals
FNDA:0,extractFields
FNDA:0,analyzeUntrustedContent
FNDA:0,format
FNDA:0,selectors
FNDA:1,<instance_members_initializer>
FNDA:1,DataOnlyParserAdapter
FNDA:0,parse
FNDA:0,evaluate
FNF:13
FNH:2
BRDA:1,0,0,1
BRDA:82,1,0,1
BRDA:83,2,0,1
BRF:3
BRH:3
DA:1,1
DA:2,1
DA:3,1
DA:4,1
DA:5,1
DA:6,1
DA:7,0
DA:8,0
DA:9,0
DA:10,0
DA:11,1
DA:12,0
DA:13,0
DA:14,0
DA:15,0
DA:16,1
DA:17,0
DA:18,0
DA:19,0
DA:20,0
DA:21,0
DA:22,0
DA:23,0
DA:24,0
DA:25,0
DA:26,0
DA:27,0
DA:28,1
DA:29,0
DA:30,0
DA:31,0
DA:32,0
DA:33,0
DA:34,0
DA:35,0
DA:36,1
DA:37,1
DA:38,1
DA:39,1
DA:40,1
DA:41,1
DA:42,1
DA:43,1
DA:44,1
DA:45,0
DA:46,0
DA:47,0
DA:48,1
DA:49,0
DA:50,0
DA:51,0
DA:52,0
DA:53,0
DA:54,0
DA:55,0
DA:56,0
DA:57,0
DA:58,0
DA:59,0
DA:60,0
DA:61,0
DA:62,1
DA:63,1
DA:64,0
DA:65,0
DA:66,0
DA:67,0
DA:68,1
DA:69,0
DA:70,0
DA:71,0
DA:72,0
DA:73,0
DA:74,1
DA:75,0
DA:76,0
DA:77,0
DA:78,0
DA:79,0
DA:80,1
DA:81,1
DA:82,1
DA:83,1
DA:84,1
DA:85,1
DA:86,0
DA:87,0
DA:88,0
DA:89,0
DA:90,0
DA:91,0
DA:92,0
DA:93,0
DA:94,0
DA:95,0
DA:96,0
DA:97,0
DA:98,0
DA:99,0
DA:100,0
DA:101,0
DA:102,0
DA:103,0
DA:104,1
DA:105,1
DA:106,0
DA:107,0
DA:108,0
DA:109,0
DA:110,0
DA:111,0
DA:112,0
DA:113,0
DA:114,0
DA:115,0
DA:116,0
DA:117,0
DA:118,0
DA:119,0
DA:120,0
DA:121,0
DA:122,0
DA:123,0
DA:124,0
DA:125,0
DA:126,0
DA:127,0
DA:128,0
DA:129,0
DA:130,0
DA:131,0
DA:132,0
DA:133,0
DA:134,0
DA:135,0
DA:136,0
DA:137,0
DA:138,0
DA:139,0
DA:140,0
DA:141,0
DA:142,0
DA:143,1
LH:32
LF:143
end_of_record
SF:src\wiki-candidate-governance.ts
FN:4,id
FN:5,digest
FN:6,text
FN:7,integer
FN:8,records
FN:9,uniqueTextArray
FN:10,recordPayload
FN:11,assertNoSecret
FN:22,<instance_members_initializer>
FN:23,WikiCandidateGovernanceKernel
FN:25,claimsCurrent
FN:35,evaluationProof
FN:46,attest
FN:60,authorize
FN:78,packagePrepare
FNDA:0,id
FNDA:0,digest
FNDA:0,text
FNDA:0,integer
FNDA:0,records
FNDA:0,uniqueTextArray
FNDA:0,recordPayload
FNDA:0,assertNoSecret
FNDA:1,<instance_members_initializer>
FNDA:1,WikiCandidateGovernanceKernel
FNDA:0,claimsCurrent
FNDA:0,evaluationProof
FNDA:0,attest
FNDA:0,authorize
FNDA:0,packagePrepare
FNF:15
FNH:2
BRDA:1,0,0,1
BRDA:22,1,0,1
BRDA:23,2,0,1
BRF:3
BRH:3
DA:1,1
DA:2,1
DA:3,1
DA:4,0
DA:5,0
DA:6,0
DA:7,0
DA:8,0
DA:9,0
DA:10,0
DA:11,0
DA:12,1
DA:13,1
DA:14,1
DA:15,1
DA:16,1
DA:17,1
DA:18,1
DA:19,1
DA:20,1
DA:21,1
DA:22,1
DA:23,1
DA:24,1
DA:25,1
DA:26,0
DA:27,0
DA:28,0
DA:29,0
DA:30,0
DA:31,0
DA:32,0
DA:33,0
DA:34,1
DA:35,1
DA:36,0
DA:37,0
DA:38,0
DA:39,0
DA:40,0
DA:41,0
DA:42,0
DA:43,0
DA:44,0
DA:45,1
DA:46,1
DA:47,0
DA:48,0
DA:49,0
DA:50,0
DA:51,0
DA:52,0
DA:53,0
DA:54,0
DA:55,0
DA:56,0
DA:57,0
DA:58,0
DA:59,1
DA:60,1
DA:61,0
DA:62,0
DA:63,0
DA:64,0
DA:65,0
DA:66,0
DA:67,0
DA:68,0
DA:69,0
DA:70,0
DA:71,0
DA:72,0
DA:73,0
DA:74,0
DA:75,0
DA:76,0
DA:77,1
DA:78,1
DA:79,0
DA:80,0
DA:81,0
DA:82,0
DA:83,0
DA:84,0
DA:85,0
DA:86,0
DA:87,0
DA:88,0
DA:89,0
DA:90,0
DA:91,0
DA:92,0
DA:93,0
DA:94,0
DA:95,0
DA:96,0
DA:97,0
DA:98,0
DA:99,0
DA:100,0
DA:101,0
DA:102,0
DA:103,0
DA:104,0
DA:105,0
DA:106,0
DA:107,0
DA:108,0
DA:109,1
LH:26
LF:109
end_of_record
SF:src\workbench.ts
FN:10,id
FN:16,text
FN:21,strings
FN:29,payload
FN:34,revision
FN:40,matchesScope
FN:48,profileSelector
FN:54,graphNodes
FN:87,<instance_members_initializer>
FN:88,WorkbenchKernel
FN:90,objectPut
FN:131,impact
FN:159,changeApply
FN:183,objectList
FN:190,remember
FN:211,memoryTransition
FN:219,contextProfileSave
FN:247,contextProfileAssemble
FN:258,contextAssemble
FN:299,taskGraphCreate
FN:318,taskGraphAdvance
FNDA:0,id
FNDA:0,text
FNDA:0,strings
FNDA:0,payload
FNDA:0,revision
FNDA:0,matchesScope
FNDA:0,profileSelector
FNDA:0,graphNodes
FNDA:1,<instance_members_initializer>
FNDA:1,WorkbenchKernel
FNDA:0,objectPut
FNDA:0,impact
FNDA:0,changeApply
FNDA:0,objectList
FNDA:0,remember
FNDA:0,memoryTransition
FNDA:0,contextProfileSave
FNDA:0,contextProfileAssemble
FNDA:0,contextAssemble
FNDA:0,taskGraphCreate
FNDA:0,taskGraphAdvance
FNF:21
FNH:2
BRDA:1,0,0,1
BRDA:87,1,0,1
BRDA:88,2,0,1
BRF:3
BRH:3
DA:1,1
DA:2,1
DA:3,1
DA:4,1
DA:5,1
DA:6,1
DA:7,1
DA:8,1
DA:9,1
DA:10,0
DA:11,0
DA:12,0
DA:13,0
DA:14,0
DA:15,1
DA:16,0
DA:17,0
DA:18,0
DA:19,0
DA:20,1
DA:21,0
DA:22,0
DA:23,0
DA:24,0
DA:25,0
DA:26,0
DA:27,0
DA:28,1
DA:29,0
DA:30,0
DA:31,0
DA:32,0
DA:33,1
DA:34,0
DA:35,0
DA:36,0
DA:37,0
DA:38,0
DA:39,1
DA:40,0
DA:41,0
DA:42,0
DA:43,0
DA:44,0
DA:45,0
DA:46,0
DA:47,1
DA:48,0
DA:49,0
DA:50,0
DA:51,0
DA:52,0
DA:53,1
DA:54,0
DA:55,0
DA:56,0
DA:57,0
DA:58,0
DA:59,0
DA:60,0
DA:61,0
DA:62,0
DA:63,0
DA:64,0
DA:65,0
DA:66,0
DA:67,0
DA:68,0
DA:69,0
DA:70,0
DA:71,0
DA:72,0
DA:73,0
DA:74,0
DA:75,0
DA:76,0
DA:77,0
DA:78,0
DA:79,0
DA:80,0
DA:81,0
DA:82,0
DA:83,0
DA:84,0
DA:85,1
DA:86,1
DA:87,1
DA:88,1
DA:89,1
DA:90,1
DA:91,0
DA:92,0
DA:93,0
DA:94,0
DA:95,0
DA:96,0
DA:97,0
DA:98,0
DA:99,0
DA:100,0
DA:101,0
DA:102,0
DA:103,0
DA:104,0
DA:105,0
DA:106,0
DA:107,0
DA:108,0
DA:109,0
DA:110,0
DA:111,0
DA:112,0
DA:113,0
DA:114,0
DA:115,0
DA:116,0
DA:117,0
DA:118,0
DA:119,0
DA:120,0
DA:121,0
DA:122,0
DA:123,0
DA:124,0
DA:125,0
DA:126,0
DA:127,0
DA:128,0
DA:129,0
DA:130,1
DA:131,1
DA:132,0
DA:133,0
DA:134,0
DA:135,0
DA:136,0
DA:137,0
DA:138,0
DA:139,0
DA:140,0
DA:141,0
DA:142,0
DA:143,0
DA:144,0
DA:145,0
DA:146,0
DA:147,0
DA:148,0
DA:149,0
DA:150,0
DA:151,0
DA:152,0
DA:153,0
DA:154,0
DA:155,0
DA:156,0
DA:157,0
DA:158,1
DA:159,1
DA:160,0
DA:161,0
DA:162,0
DA:163,0
DA:164,0
DA:165,0
DA:166,0
DA:167,0
DA:168,0
DA:169,0
DA:170,0
DA:171,0
DA:172,0
DA:173,0
DA:174,0
DA:175,0
DA:176,0
DA:177,0
DA:178,0
DA:179,0
DA:180,0
DA:181,0
DA:182,1
DA:183,1
DA:184,0
DA:185,0
DA:186,0
DA:187,0
DA:188,0
DA:189,1
DA:190,1
DA:191,0
DA:192,0
DA:193,0
DA:194,0
DA:195,0
DA:196,0
DA:197,0
DA:198,0
DA:199,0
DA:200,0
DA:201,0
DA:202,0
DA:203,0
DA:204,0
DA:205,0
DA:206,0
DA:207,0
DA:208,0
DA:209,0
DA:210,1
DA:211,1
DA:212,0
DA:213,0
DA:214,0
DA:215,0
DA:216,0
DA:217,0
DA:218,1
DA:219,1
DA:220,0
DA:221,0
DA:222,0
DA:223,0
DA:224,0
DA:225,0
DA:226,0
DA:227,0
DA:228,0
DA:229,0
DA:230,0
DA:231,0
DA:232,0
DA:233,0
DA:234,0
DA:235,0
DA:236,0
DA:237,0
DA:238,0
DA:239,0
DA:240,0
DA:241,0
DA:242,0
DA:243,0
DA:244,0
DA:245,0
DA:246,1
DA:247,1
DA:248,0
DA:249,0
DA:250,0
DA:251,0
DA:252,0
DA:253,0
DA:254,0
DA:255,0
DA:256,0
DA:257,1
DA:258,1
DA:259,0
DA:260,0
DA:261,0
DA:262,0
DA:263,0
DA:264,0
DA:265,0
DA:266,0
DA:267,0
DA:268,0
DA:269,0
DA:270,0
DA:271,0
DA:272,0
DA:273,0
DA:274,0
DA:275,0
DA:276,0
DA:277,0
DA:278,0
DA:279,0
DA:280,0
DA:281,0
DA:282,0
DA:283,0
DA:284,0
DA:285,0
DA:286,0
DA:287,0
DA:288,0
DA:289,0
DA:290,0
DA:291,0
DA:292,0
DA:293,0
DA:294,0
DA:295,0
DA:296,0
DA:297,0
DA:298,1
DA:299,1
DA:300,0
DA:301,0
DA:302,0
DA:303,0
DA:304,0
DA:305,0
DA:306,0
DA:307,0
DA:308,0
DA:309,0
DA:310,0
DA:311,0
DA:312,0
DA:313,0
DA:314,0
DA:315,0
DA:316,0
DA:317,1
DA:318,1
DA:319,0
DA:320,0
DA:321,0
DA:322,0
DA:323,0
DA:324,0
DA:325,0
DA:326,0
DA:327,0
DA:328,0
DA:329,0
DA:330,0
DA:331,0
DA:332,0
DA:333,0
DA:334,0
DA:335,0
DA:336,0
DA:337,0
DA:338,0
DA:339,1
LH:43
LF:339
end_of_record
SF:src\workflow.ts
FN:10,resolveInputs
FN:24,substitute
FN:41,safePath
FN:58,redact
FN:64,normalizeSteps
FN:78,approvedEffects
FN:88,runStep
FN:158,executeSteps
FNDA:0,resolveInputs
FNDA:0,substitute
FNDA:0,safePath
FNDA:0,redact
FNDA:0,normalizeSteps
FNDA:0,approvedEffects
FNDA:0,runStep
FNDA:0,executeSteps
FNF:8
FNH:0
BRDA:1,0,0,1
BRF:1
BRH:1
DA:1,1
DA:2,1
DA:3,1
DA:4,1
DA:5,1
DA:6,1
DA:7,1
DA:8,1
DA:9,1
DA:10,1
DA:11,0
DA:12,0
DA:13,0
DA:14,0
DA:15,0
DA:16,0
DA:17,0
DA:18,0
DA:19,0
DA:20,0
DA:21,0
DA:22,0
DA:23,1
DA:24,1
DA:25,0
DA:26,0
DA:27,0
DA:28,0
DA:29,0
DA:30,0
DA:31,0
DA:32,0
DA:33,0
DA:34,0
DA:35,0
DA:36,0
DA:37,0
DA:38,0
DA:39,0
DA:40,1
DA:41,1
DA:42,0
DA:43,0
DA:44,0
DA:45,0
DA:46,0
DA:47,0
DA:48,0
DA:49,0
DA:50,0
DA:51,0
DA:52,0
DA:53,0
DA:54,0
DA:55,0
DA:56,0
DA:57,1
DA:58,1
DA:59,0
DA:60,0
DA:61,0
DA:62,0
DA:63,1
DA:64,1
DA:65,0
DA:66,0
DA:67,0
DA:68,0
DA:69,0
DA:70,0
DA:71,0
DA:72,0
DA:73,0
DA:74,0
DA:75,0
DA:76,0
DA:77,1
DA:78,1
DA:79,0
DA:80,0
DA:81,0
DA:82,0
DA:83,0
DA:84,0
DA:85,0
DA:86,0
DA:87,1
DA:88,1
DA:89,0
DA:90,0
DA:91,0
DA:92,0
DA:93,0
DA:94,0
DA:95,0
DA:96,0
DA:97,0
DA:98,0
DA:99,0
DA:100,0
DA:101,0
DA:102,0
DA:103,0
DA:104,0
DA:105,0
DA:106,0
DA:107,0
DA:108,0
DA:109,0
DA:110,0
DA:111,0
DA:112,0
DA:113,0
DA:114,0
DA:115,0
DA:116,0
DA:117,0
DA:118,0
DA:119,0
DA:120,0
DA:121,0
DA:122,0
DA:123,0
DA:124,0
DA:125,0
DA:126,0
DA:127,0
DA:128,0
DA:129,0
DA:130,0
DA:131,0
DA:132,0
DA:133,0
DA:134,0
DA:135,0
DA:136,0
DA:137,0
DA:138,0
DA:139,0
DA:140,0
DA:141,0
DA:142,0
DA:143,0
DA:144,0
DA:145,0
DA:146,0
DA:147,0
DA:148,0
DA:149,0
DA:150,0
DA:151,0
DA:152,0
DA:153,0
DA:154,0
DA:155,0
DA:156,0
DA:157,1
DA:158,1
DA:159,0
DA:160,0
DA:161,0
DA:162,0
DA:163,0
DA:164,0
DA:165,0
DA:166,0
DA:167,0
DA:168,0
DA:169,0
DA:170,0
DA:171,0
DA:172,0
DA:173,0
DA:174,0
DA:175,0
LH:24
LF:175
end_of_record
SF:src\workspace.ts
FN:9,identifier
FN:15,requiredText
FN:20,recordPayload
FN:25,relativePath
FN:31,includePaths
FN:38,nested
FN:46,digest
FN:50,snapshotNodeKind
FN:56,files
FN:66,copyEntries
FN:76,<instance_members_initializer>
FN:78,WorkspaceState
FN:80,open
FN:91,get
FN:96,checkpoint
FN:112,diff
FN:125,humanChange
FN:136,restore
FN:151,checkpointFor
FN:157,checkpoints
FN:158,changes
FNDA:0,identifier
FNDA:0,requiredText
FNDA:0,recordPayload
FNDA:0,relativePath
FNDA:0,includePaths
FNDA:0,nested
FNDA:0,digest
FNDA:0,snapshotNodeKind
FNDA:0,files
FNDA:0,copyEntries
FNDA:1,<instance_members_initializer>
FNDA:1,WorkspaceState
FNDA:0,open
FNDA:0,get
FNDA:0,checkpoint
FNDA:0,diff
FNDA:0,humanChange
FNDA:0,restore
FNDA:0,checkpointFor
FNDA:0,checkpoints
FNDA:0,changes
FNF:21
FNH:2
BRDA:1,0,0,1
BRDA:76,1,0,1
BRDA:78,2,0,1
BRF:3
BRH:3
DA:1,1
DA:2,1
DA:3,1
DA:4,1
DA:5,1
DA:6,1
DA:7,1
DA:8,1
DA:9,0
DA:10,0
DA:11,0
DA:12,0
DA:13,0
DA:14,1
DA:15,0
DA:16,0
DA:17,0
DA:18,0
DA:19,1
DA:20,0
DA:21,0
DA:22,0
DA:23,0
DA:24,1
DA:25,0
DA:26,0
DA:27,0
DA:28,0
DA:29,0
DA:30,1
DA:31,0
DA:32,0
DA:33,0
DA:34,0
DA:35,0
DA:36,0
DA:37,1
DA:38,0
DA:39,0
DA:40,0
DA:41,0
DA:42,0
DA:43,0
DA:44,0
DA:45,1
DA:46,0
DA:47,0
DA:48,0
DA:49,1
DA:50,1
DA:51,0
DA:52,0
DA:53,0
DA:54,0
DA:55,1
DA:56,0
DA:57,0
DA:58,0
DA:59,0
DA:60,0
DA:61,0
DA:62,0
DA:63,0
DA:64,0
DA:65,1
DA:66,0
DA:67,0
DA:68,0
DA:69,0
DA:70,0
DA:71,0
DA:72,0
DA:73,0
DA:74,1
DA:75,1
DA:76,1
DA:77,1
DA:78,1
DA:79,1
DA:80,1
DA:81,0
DA:82,0
DA:83,0
DA:84,0
DA:85,0
DA:86,0
DA:87,0
DA:88,0
DA:89,0
DA:90,1
DA:91,1
DA:92,0
DA:93,0
DA:94,0
DA:95,1
DA:96,1
DA:97,0
DA:98,0
DA:99,0
DA:100,0
DA:101,0
DA:102,0
DA:103,0
DA:104,0
DA:105,0
DA:106,0
DA:107,0
DA:108,0
DA:109,0
DA:110,0
DA:111,1
DA:112,1
DA:113,0
DA:114,0
DA:115,0
DA:116,0
DA:117,0
DA:118,0
DA:119,0
DA:120,0
DA:121,0
DA:122,0
DA:123,0
DA:124,1
DA:125,1
DA:126,0
DA:127,0
DA:128,0
DA:129,0
DA:130,0
DA:131,0
DA:132,0
DA:133,0
DA:134,0
DA:135,1
DA:136,1
DA:137,0
DA:138,0
DA:139,0
DA:140,0
DA:141,0
DA:142,0
DA:143,0
DA:144,0
DA:145,0
DA:146,0
DA:147,0
DA:148,0
DA:149,0
DA:150,1
DA:151,1
DA:152,0
DA:153,0
DA:154,0
DA:155,0
DA:156,1
DA:157,1
DA:158,1
DA:159,1
LH:41
LF:159
end_of_record
